#
# There is insufficient memory for the Java Runtime Environment to continue.
# Native memory allocation (mmap) failed to map 315621376 bytes for committing reserved memory.
# Possible reasons:
#   The system is out of physical RAM or swap space
#   The process is running with CompressedOops enabled, and the Java Heap may be blocking the growth of the native heap
# Possible solutions:
#   Reduce memory load on the system
#   Increase physical memory or swap space
#   Check if swap backing store is full
#   Decrease Java heap size (-Xmx/-Xms)
#   Decrease number of Java threads
#   Decrease Java thread stack sizes (-Xss)
#   Set larger code cache with -XX:ReservedCodeCacheSize=
#   JVM is running with Unscaled Compressed Oops mode in which the Java heap is
#     placed in the first 4GB address space. The Java Heap base address is the
#     maximum limit for the native heap growth. Please use -XX:HeapBaseMinAddress
#     to set the Java Heap base and to place the Java Heap above 4GB virtual address.
# This output file may be truncated or incomplete.
#
#  Out of Memory Error (os_linux.cpp:2706), pid=8611, tid=8676
#
# JRE version: OpenJDK Runtime Environment (10.0.2+13) (build 10.0.2+13-Ubuntu-1ubuntu0.18.04.3)
# Java VM: OpenJDK 64-Bit Server VM (10.0.2+13-Ubuntu-1ubuntu0.18.04.3, mixed mode, tiered, compressed oops, g1 gc, linux-amd64)
# Core dump will be written. Default location: Core dumps may be processed with "/usr/share/apport/apport %p %s %c %d %P" (or dumping to /home/INFORMATICA/alu53791396p/Escriptori/eclipse-workspace/MyPolynomial/core.8611)
#

---------------  S U M M A R Y ------------

Command Line: -Dfile.encoding=UTF-8 TesterPolinomial

Host: Intel(R) Pentium(R) CPU G4560 @ 3.50GHz, 4 cores, 7G, Ubuntu 18.04 LTS
Time: Tue Nov 13 18:54:02 2018 CET elapsed time: 57 seconds (0d 0h 0m 57s)

---------------  T H R E A D  ---------------

Current thread (0x00007fa194129800):  VMThread "VM Thread" [stack: 0x00007fa1784c5000,0x00007fa1785c5000] [id=8676]

Stack: [0x00007fa1784c5000,0x00007fa1785c5000],  sp=0x00007fa1785c30a0,  free space=1016k
Native frames: (J=compiled Java code, A=aot compiled Java code, j=interpreted, Vv=VM code, C=native code)
V  [libjvm.so+0xd27ea4]
V  [libjvm.so+0xd28a4b]
V  [libjvm.so+0x64d415]
V  [libjvm.so+0xb2d7c8]
V  [libjvm.so+0xb2601d]
V  [libjvm.so+0x7662ff]
V  [libjvm.so+0x76653e]
V  [libjvm.so+0x769500]
V  [libjvm.so+0x7efa1c]
V  [libjvm.so+0x7f06df]
V  [libjvm.so+0x7f0b59]
V  [libjvm.so+0x7162cf]
V  [libjvm.so+0x71a3ba]
V  [libjvm.so+0xd3a008]
V  [libjvm.so+0xd38871]
V  [libjvm.so+0xd35b3b]
V  [libjvm.so+0xd3715e]
V  [libjvm.so+0xd37588]
V  [libjvm.so+0xb33d40]

VM_Operation (0x00007fa19b131520): G1IncCollectionPause, mode: safepoint, requested by thread 0x00007fa194013800


---------------  P R O C E S S  ---------------

Threads class SMR info:
_java_thread_list=0x00007fa1941657a0, length=10, elements={
0x00007fa194013800, 0x00007fa194133800, 0x00007fa194135800, 0x00007fa19413e800,
0x00007fa194149000, 0x00007fa19414b000, 0x00007fa19414d000, 0x00007fa19414e800,
0x00007fa1941ae800, 0x00007fa19416c800
}

Java Threads: ( => current thread )
  0x00007fa194013800 JavaThread "main" [_thread_blocked, id=8622, stack(0x00007fa19b032000,0x00007fa19b133000)]
  0x00007fa194133800 JavaThread "Reference Handler" daemon [_thread_blocked, id=8681, stack(0x00007fa1783c2000,0x00007fa1784c3000)]
  0x00007fa194135800 JavaThread "Finalizer" daemon [_thread_blocked, id=8684, stack(0x00007fa1782c1000,0x00007fa1783c2000)]
  0x00007fa19413e800 JavaThread "Signal Dispatcher" daemon [_thread_blocked, id=8690, stack(0x00007fa1781c0000,0x00007fa1782c1000)]
  0x00007fa194149000 JavaThread "C2 CompilerThread0" daemon [_thread_blocked, id=8693, stack(0x00007fa1780bf000,0x00007fa1781c0000)]
  0x00007fa19414b000 JavaThread "C2 CompilerThread1" daemon [_thread_blocked, id=8696, stack(0x00007fa16819f000,0x00007fa1682a0000)]
  0x00007fa19414d000 JavaThread "C1 CompilerThread2" daemon [_thread_blocked, id=8700, stack(0x00007fa16809e000,0x00007fa16819f000)]
  0x00007fa19414e800 JavaThread "Sweeper thread" daemon [_thread_blocked, id=8703, stack(0x00007fa15cbfb000,0x00007fa15ccfc000)]
  0x00007fa1941ae800 JavaThread "Service Thread" daemon [_thread_blocked, id=8720, stack(0x00007fa15cafa000,0x00007fa15cbfb000)]
  0x00007fa19416c800 JavaThread "Common-Cleaner" daemon [_thread_blocked, id=8724, stack(0x00007fa15c8f7000,0x00007fa15c9f8000)]

Other Threads:
=>0x00007fa194129800 VMThread "VM Thread" [stack: 0x00007fa1784c5000,0x00007fa1785c5000] [id=8676]
  0x00007fa1941b0800 WatcherThread [stack: 0x00007fa15c9fa000,0x00007fa15cafa000] [id=8723]
  0x00007fa19402a000 GCTaskThread "GC Thread#0" [stack: 0x00007fa17a3db000,0x00007fa17a4db000] [id=8633]
  0x00007fa19402b800 GCTaskThread "GC Thread#1" [stack: 0x00007fa17a2d9000,0x00007fa17a3d9000] [id=8635]
  0x00007fa19402d000 GCTaskThread "GC Thread#2" [stack: 0x00007fa17a1d7000,0x00007fa17a2d7000] [id=8641]
  0x00007fa19402f000 GCTaskThread "GC Thread#3" [stack: 0x00007fa17a0d5000,0x00007fa17a1d5000] [id=8646]
  0x00007fa194058000 ConcurrentGCThread "G1 Main Marker" [stack: 0x00007fa17904d000,0x00007fa17914d000] [id=8655]
  0x00007fa19405a000 ConcurrentGCThread "G1 Conc#0" [stack: 0x00007fa178f4b000,0x00007fa17904b000] [id=8660]
  0x00007fa1940c1800 ConcurrentGCThread "G1 Refine#0" [stack: 0x00007fa178a45000,0x00007fa178b45000] [id=8665]
  0x00007fa1940c3800 ConcurrentGCThread "G1 Refine#1" [stack: 0x00007fa178943000,0x00007fa178a43000] [id=8666]
  0x00007fa1940c5000 ConcurrentGCThread "G1 Refine#2" [stack: 0x00007fa178841000,0x00007fa178941000] [id=8667]
  0x00007fa1940c7000 ConcurrentGCThread "G1 Refine#3" [stack: 0x00007fa17873f000,0x00007fa17883f000] [id=8668]
  0x00007fa1940c8800 ConcurrentGCThread "G1 Young RemSet Sampling" [stack: 0x00007fa17863d000,0x00007fa17873d000] [id=8669]

Threads with active compile tasks:

VM state:at safepoint (normal execution)

VM Mutex/Monitor currently owned by a thread:  ([mutex/lock_event])
[0x00007fa19400e080] Threads_lock - owner thread: 0x00007fa194129800
[0x00007fa19400e620] Heap_lock - owner thread: 0x00007fa194013800

Heap address: 0x0000000085400000, size: 1964 MB, Compressed Oops mode: 32-bit
Narrow klass base: 0x0000000000000000, Narrow klass shift: 3
Compressed class space size: 1073741824 Address: 0x0000000100000000

Heap:
 garbage-first heap   total 781312K, used 1087K [0x0000000085400000, 0x0000000100000000)
  region size 1024K, 1 young (1024K), 1 survivors (1024K)
 Metaspace       used 3904K, capacity 4490K, committed 4864K, reserved 1056768K
  class space    used 324K, capacity 386K, committed 512K, reserved 1048576K
Heap Regions: E=young(eden), S=young(survivor), O=old, HS=humongous(starts), HC=humongous(continues), CS=collection set, F=free, A=archive, TS=gc time stamp, AC=allocation context, TAMS=top-at-mark-start (previous, next)
|   0|0x0000000085400000, 0x0000000085495200, 0x0000000085500000| 58%| O|  |TS214|AC  0|TAMS 0x0000000085400000, 0x0000000085400000|
|   1|0x0000000085500000, 0x0000000085500000, 0x0000000085600000|  0%| F|  |TS  0|AC  0|TAMS 0x0000000085500000, 0x0000000085500000|
|   2|0x0000000085600000, 0x0000000085600000, 0x0000000085700000|  0%| F|  |TS  0|AC  0|TAMS 0x0000000085600000, 0x0000000085600000|
|   3|0x0000000085700000, 0x0000000085700000, 0x0000000085800000|  0%| F|  |TS  0|AC  0|TAMS 0x0000000085700000, 0x0000000085700000|
|   4|0x0000000085800000, 0x0000000085800000, 0x0000000085900000|  0%| F|  |TS  0|AC  0|TAMS 0x0000000085800000, 0x0000000085800000|
|   5|0x0000000085900000, 0x0000000085900000, 0x0000000085a00000|  0%| F|  |TS  0|AC  0|TAMS 0x0000000085900000, 0x0000000085900000|
|   6|0x0000000085a00000, 0x0000000085a00000, 0x0000000085b00000|  0%| F|  |TS  0|AC  0|TAMS 0x0000000085a00000, 0x0000000085a00000|
|   7|0x0000000085b00000, 0x0000000085b00000, 0x0000000085c00000|  0%| F|  |TS  0|AC  0|TAMS 0x0000000085b00000, 0x0000000085b00000|
|   8|0x0000000085c00000, 0x0000000085c00000, 0x0000000085d00000|  0%| F|  |TS  0|AC  0|TAMS 0x0000000085c00000, 0x0000000085c00000|
|   9|0x0000000085d00000, 0x0000000085d00000, 0x0000000085e00000|  0%| F|  |TS  0|AC  0|TAMS 0x0000000085d00000, 0x0000000085d00000|
|  10|0x0000000085e00000, 0x0000000085e00000, 0x0000000085f00000|  0%| F|  |TS  0|AC  0|TAMS 0x0000000085e00000, 0x0000000085e00000|
|  11|0x0000000085f00000, 0x0000000085f00000, 0x0000000086000000|  0%| F|  |TS  0|AC  0|TAMS 0x0000000085f00000, 0x0000000085f00000|
|  12|0x0000000086000000, 0x0000000086000000, 0x0000000086100000|  0%| F|  |TS  0|AC  0|TAMS 0x0000000086000000, 0x0000000086000000|
|  13|0x0000000086100000, 0x0000000086100000, 0x0000000086200000|  0%| F|  |TS  0|AC  0|TAMS 0x0000000086100000, 0x0000000086100000|
|  14|0x0000000086200000, 0x0000000086200000, 0x0000000086300000|  0%| F|  |TS  0|AC  0|TAMS 0x0000000086200000, 0x0000000086200000|
|  15|0x0000000086300000, 0x0000000086300000, 0x0000000086400000|  0%| F|  |TS  0|AC  0|TAMS 0x0000000086300000, 0x0000000086300000|
|  16|0x0000000086400000, 0x0000000086400000, 0x0000000086500000|  0%| F|  |TS  0|AC  0|TAMS 0x0000000086400000, 0x0000000086400000|
|  17|0x0000000086500000, 0x0000000086500000, 0x0000000086600000|  0%| F|  |TS  0|AC  0|TAMS 0x0000000086500000, 0x0000000086500000|
|  18|0x0000000086600000, 0x0000000086600000, 0x0000000086700000|  0%| F|  |TS  0|AC  0|TAMS 0x0000000086600000, 0x0000000086600000|
|  19|0x0000000086700000, 0x0000000086700000, 0x0000000086800000|  0%| F|  |TS  0|AC  0|TAMS 0x0000000086700000, 0x0000000086700000|
|  20|0x0000000086800000, 0x0000000086800000, 0x0000000086900000|  0%| F|  |TS  0|AC  0|TAMS 0x0000000086800000, 0x0000000086800000|
|  21|0x0000000086900000, 0x0000000086900000, 0x0000000086a00000|  0%| F|  |TS  0|AC  0|TAMS 0x0000000086900000, 0x0000000086900000|
|  22|0x0000000086a00000, 0x0000000086a00000, 0x0000000086b00000|  0%| F|  |TS  0|AC  0|TAMS 0x0000000086a00000, 0x0000000086a00000|
|  23|0x0000000086b00000, 0x0000000086b00000, 0x0000000086c00000|  0%| F|  |TS  0|AC  0|TAMS 0x0000000086b00000, 0x0000000086b00000|
|  24|0x0000000086c00000, 0x0000000086c00000, 0x0000000086d00000|  0%| F|  |TS  0|AC  0|TAMS 0x0000000086c00000, 0x0000000086c00000|
|  25|0x0000000086d00000, 0x0000000086d00000, 0x0000000086e00000|  0%| F|  |TS  0|AC  0|TAMS 0x0000000086d00000, 0x0000000086d00000|
|  26|0x0000000086e00000, 0x0000000086e00000, 0x0000000086f00000|  0%| F|  |TS  0|AC  0|TAMS 0x0000000086e00000, 0x0000000086e00000|
|  27|0x0000000086f00000, 0x0000000086f00000, 0x0000000087000000|  0%| F|  |TS  0|AC  0|TAMS 0x0000000086f00000, 0x0000000086f00000|
|  28|0x0000000087000000, 0x0000000087000000, 0x0000000087100000|  0%| F|  |TS  0|AC  0|TAMS 0x0000000087000000, 0x0000000087000000|
|  29|0x0000000087100000, 0x0000000087100000, 0x0000000087200000|  0%| F|  |TS  0|AC  0|TAMS 0x0000000087100000, 0x0000000087100000|
|  30|0x0000000087200000, 0x0000000087200000, 0x0000000087300000|  0%| F|  |TS  0|AC  0|TAMS 0x0000000087200000, 0x0000000087200000|
|  31|0x0000000087300000, 0x0000000087300000, 0x0000000087400000|  0%| F|  |TS  0|AC  0|TAMS 0x0000000087300000, 0x0000000087300000|
|  32|0x0000000087400000, 0x0000000087400000, 0x0000000087500000|  0%| F|  |TS  0|AC  0|TAMS 0x0000000087400000, 0x0000000087400000|
|  33|0x0000000087500000, 0x0000000087500000, 0x0000000087600000|  0%| F|  |TS  0|AC  0|TAMS 0x0000000087500000, 0x0000000087500000|
|  34|0x0000000087600000, 0x0000000087600000, 0x0000000087700000|  0%| F|  |TS  0|AC  0|TAMS 0x0000000087600000, 0x0000000087600000|
|  35|0x0000000087700000, 0x0000000087700000, 0x0000000087800000|  0%| F|  |TS  0|AC  0|TAMS 0x0000000087700000, 0x0000000087700000|
|  36|0x0000000087800000, 0x0000000087800000, 0x0000000087900000|  0%| F|  |TS  0|AC  0|TAMS 0x0000000087800000, 0x0000000087800000|
|  37|0x0000000087900000, 0x0000000087900000, 0x0000000087a00000|  0%| F|  |TS  0|AC  0|TAMS 0x0000000087900000, 0x0000000087900000|
|  38|0x0000000087a00000, 0x0000000087a00000, 0x0000000087b00000|  0%| F|  |TS  0|AC  0|TAMS 0x0000000087a00000, 0x0000000087a00000|
|  39|0x0000000087b00000, 0x0000000087b00000, 0x0000000087c00000|  0%| F|  |TS  0|AC  0|TAMS 0x0000000087b00000, 0x0000000087b00000|
|  40|0x0000000087c00000, 0x0000000087c00000, 0x0000000087d00000|  0%| F|  |TS  0|AC  0|TAMS 0x0000000087c00000, 0x0000000087c00000|
|  41|0x0000000087d00000, 0x0000000087d00000, 0x0000000087e00000|  0%| F|  |TS  0|AC  0|TAMS 0x0000000087d00000, 0x0000000087d00000|
|  42|0x0000000087e00000, 0x0000000087e00000, 0x0000000087f00000|  0%| F|  |TS  0|AC  0|TAMS 0x0000000087e00000, 0x0000000087e00000|
|  43|0x0000000087f00000, 0x0000000087f00000, 0x0000000088000000|  0%| F|  |TS  0|AC  0|TAMS 0x0000000087f00000, 0x0000000087f00000|
|  44|0x0000000088000000, 0x0000000088000000, 0x0000000088100000|  0%| F|  |TS  0|AC  0|TAMS 0x0000000088000000, 0x0000000088000000|
|  45|0x0000000088100000, 0x0000000088100000, 0x0000000088200000|  0%| F|  |TS  0|AC  0|TAMS 0x0000000088100000, 0x0000000088100000|
|  46|0x0000000088200000, 0x0000000088200000, 0x0000000088300000|  0%| F|  |TS  0|AC  0|TAMS 0x0000000088200000, 0x0000000088200000|
|  47|0x0000000088300000, 0x0000000088300000, 0x0000000088400000|  0%| F|  |TS  0|AC  0|TAMS 0x0000000088300000, 0x0000000088300000|
|  48|0x0000000088400000, 0x0000000088400000, 0x0000000088500000|  0%| F|  |TS  0|AC  0|TAMS 0x0000000088400000, 0x0000000088400000|
|  49|0x0000000088500000, 0x0000000088500000, 0x0000000088600000|  0%| F|  |TS  9|AC  0|TAMS 0x0000000088500000, 0x0000000088500000|
|  50|0x0000000088600000, 0x0000000088600000, 0x0000000088700000|  0%| F|  |TS  8|AC  0|TAMS 0x0000000088600000, 0x0000000088600000|
|  51|0x0000000088700000, 0x0000000088700000, 0x0000000088800000|  0%| F|  |TS  8|AC  0|TAMS 0x0000000088700000, 0x0000000088700000|
|  52|0x0000000088800000, 0x0000000088800000, 0x0000000088900000|  0%| F|  |TS  8|AC  0|TAMS 0x0000000088800000, 0x0000000088800000|
|  53|0x0000000088900000, 0x0000000088900000, 0x0000000088a00000|  0%| F|  |TS  8|AC  0|TAMS 0x0000000088900000, 0x0000000088900000|
|  54|0x0000000088a00000, 0x0000000088a00000, 0x0000000088b00000|  0%| F|  |TS  8|AC  0|TAMS 0x0000000088a00000, 0x0000000088a00000|
|  55|0x0000000088b00000, 0x0000000088b00000, 0x0000000088c00000|  0%| F|  |TS  8|AC  0|TAMS 0x0000000088b00000, 0x0000000088b00000|
|  56|0x0000000088c00000, 0x0000000088c00000, 0x0000000088d00000|  0%| F|  |TS  8|AC  0|TAMS 0x0000000088c00000, 0x0000000088c00000|
|  57|0x0000000088d00000, 0x0000000088d00000, 0x0000000088e00000|  0%| F|  |TS  8|AC  0|TAMS 0x0000000088d00000, 0x0000000088d00000|
|  58|0x0000000088e00000, 0x0000000088e00000, 0x0000000088f00000|  0%| F|  |TS  8|AC  0|TAMS 0x0000000088e00000, 0x0000000088e00000|
|  59|0x0000000088f00000, 0x0000000088f00000, 0x0000000089000000|  0%| F|  |TS  8|AC  0|TAMS 0x0000000088f00000, 0x0000000088f00000|
|  60|0x0000000089000000, 0x0000000089000000, 0x0000000089100000|  0%| F|  |TS  8|AC  0|TAMS 0x0000000089000000, 0x0000000089000000|
|  61|0x0000000089100000, 0x0000000089100000, 0x0000000089200000|  0%| F|  |TS  8|AC  0|TAMS 0x0000000089100000, 0x0000000089100000|
|  62|0x0000000089200000, 0x0000000089200000, 0x0000000089300000|  0%| F|  |TS  8|AC  0|TAMS 0x0000000089200000, 0x0000000089200000|
|  63|0x0000000089300000, 0x0000000089300000, 0x0000000089400000|  0%| F|  |TS  8|AC  0|TAMS 0x0000000089300000, 0x0000000089300000|
|  64|0x0000000089400000, 0x0000000089400000, 0x0000000089500000|  0%| F|  |TS  8|AC  0|TAMS 0x0000000089400000, 0x0000000089400000|
|  65|0x0000000089500000, 0x0000000089500000, 0x0000000089600000|  0%| F|  |TS  8|AC  0|TAMS 0x0000000089500000, 0x0000000089500000|
|  66|0x0000000089600000, 0x0000000089600000, 0x0000000089700000|  0%| F|  |TS  8|AC  0|TAMS 0x0000000089600000, 0x0000000089600000|
|  67|0x0000000089700000, 0x0000000089700000, 0x0000000089800000|  0%| F|  |TS 13|AC  0|TAMS 0x0000000089700000, 0x0000000089700000|
|  68|0x0000000089800000, 0x0000000089800000, 0x0000000089900000|  0%| F|  |TS 12|AC  0|TAMS 0x0000000089800000, 0x0000000089800000|
|  69|0x0000000089900000, 0x0000000089900000, 0x0000000089a00000|  0%| F|  |TS 12|AC  0|TAMS 0x0000000089900000, 0x0000000089900000|
|  70|0x0000000089a00000, 0x0000000089a00000, 0x0000000089b00000|  0%| F|  |TS 12|AC  0|TAMS 0x0000000089a00000, 0x0000000089a00000|
|  71|0x0000000089b00000, 0x0000000089b00000, 0x0000000089c00000|  0%| F|  |TS 12|AC  0|TAMS 0x0000000089b00000, 0x0000000089b00000|
|  72|0x0000000089c00000, 0x0000000089c00000, 0x0000000089d00000|  0%| F|  |TS 12|AC  0|TAMS 0x0000000089c00000, 0x0000000089c00000|
|  73|0x0000000089d00000, 0x0000000089d00000, 0x0000000089e00000|  0%| F|  |TS 12|AC  0|TAMS 0x0000000089d00000, 0x0000000089d00000|
|  74|0x0000000089e00000, 0x0000000089e00000, 0x0000000089f00000|  0%| F|  |TS 12|AC  0|TAMS 0x0000000089e00000, 0x0000000089e00000|
|  75|0x0000000089f00000, 0x0000000089f00000, 0x000000008a000000|  0%| F|  |TS 12|AC  0|TAMS 0x0000000089f00000, 0x0000000089f00000|
|  76|0x000000008a000000, 0x000000008a000000, 0x000000008a100000|  0%| F|  |TS 12|AC  0|TAMS 0x000000008a000000, 0x000000008a000000|
|  77|0x000000008a100000, 0x000000008a100000, 0x000000008a200000|  0%| F|  |TS 12|AC  0|TAMS 0x000000008a100000, 0x000000008a100000|
|  78|0x000000008a200000, 0x000000008a200000, 0x000000008a300000|  0%| F|  |TS 12|AC  0|TAMS 0x000000008a200000, 0x000000008a200000|
|  79|0x000000008a300000, 0x000000008a300000, 0x000000008a400000|  0%| F|  |TS 12|AC  0|TAMS 0x000000008a300000, 0x000000008a300000|
|  80|0x000000008a400000, 0x000000008a400000, 0x000000008a500000|  0%| F|  |TS 12|AC  0|TAMS 0x000000008a400000, 0x000000008a400000|
|  81|0x000000008a500000, 0x000000008a500000, 0x000000008a600000|  0%| F|  |TS 12|AC  0|TAMS 0x000000008a500000, 0x000000008a500000|
|  82|0x000000008a600000, 0x000000008a600000, 0x000000008a700000|  0%| F|  |TS 12|AC  0|TAMS 0x000000008a600000, 0x000000008a600000|
|  83|0x000000008a700000, 0x000000008a700000, 0x000000008a800000|  0%| F|  |TS 12|AC  0|TAMS 0x000000008a700000, 0x000000008a700000|
|  84|0x000000008a800000, 0x000000008a800000, 0x000000008a900000|  0%| F|  |TS 12|AC  0|TAMS 0x000000008a800000, 0x000000008a800000|
|  85|0x000000008a900000, 0x000000008a900000, 0x000000008aa00000|  0%| F|  |TS 12|AC  0|TAMS 0x000000008a900000, 0x000000008a900000|
|  86|0x000000008aa00000, 0x000000008aa00000, 0x000000008ab00000|  0%| F|  |TS 12|AC  0|TAMS 0x000000008aa00000, 0x000000008aa00000|
|  87|0x000000008ab00000, 0x000000008ab00000, 0x000000008ac00000|  0%| F|  |TS 12|AC  0|TAMS 0x000000008ab00000, 0x000000008ab00000|
|  88|0x000000008ac00000, 0x000000008ac00000, 0x000000008ad00000|  0%| F|  |TS 12|AC  0|TAMS 0x000000008ac00000, 0x000000008ac00000|
|  89|0x000000008ad00000, 0x000000008ad00000, 0x000000008ae00000|  0%| F|  |TS 12|AC  0|TAMS 0x000000008ad00000, 0x000000008ad00000|
|  90|0x000000008ae00000, 0x000000008ae00000, 0x000000008af00000|  0%| F|  |TS 12|AC  0|TAMS 0x000000008ae00000, 0x000000008ae00000|
|  91|0x000000008af00000, 0x000000008af00000, 0x000000008b000000|  0%| F|  |TS 12|AC  0|TAMS 0x000000008af00000, 0x000000008af00000|
|  92|0x000000008b000000, 0x000000008b000000, 0x000000008b100000|  0%| F|  |TS 17|AC  0|TAMS 0x000000008b000000, 0x000000008b000000|
|  93|0x000000008b100000, 0x000000008b100000, 0x000000008b200000|  0%| F|  |TS 16|AC  0|TAMS 0x000000008b100000, 0x000000008b100000|
|  94|0x000000008b200000, 0x000000008b200000, 0x000000008b300000|  0%| F|  |TS 16|AC  0|TAMS 0x000000008b200000, 0x000000008b200000|
|  95|0x000000008b300000, 0x000000008b300000, 0x000000008b400000|  0%| F|  |TS 16|AC  0|TAMS 0x000000008b300000, 0x000000008b300000|
|  96|0x000000008b400000, 0x000000008b400000, 0x000000008b500000|  0%| F|  |TS 16|AC  0|TAMS 0x000000008b400000, 0x000000008b400000|
|  97|0x000000008b500000, 0x000000008b500000, 0x000000008b600000|  0%| F|  |TS 16|AC  0|TAMS 0x000000008b500000, 0x000000008b500000|
|  98|0x000000008b600000, 0x000000008b600000, 0x000000008b700000|  0%| F|  |TS 16|AC  0|TAMS 0x000000008b600000, 0x000000008b600000|
|  99|0x000000008b700000, 0x000000008b700000, 0x000000008b800000|  0%| F|  |TS 16|AC  0|TAMS 0x000000008b700000, 0x000000008b700000|
| 100|0x000000008b800000, 0x000000008b800000, 0x000000008b900000|  0%| F|  |TS 16|AC  0|TAMS 0x000000008b800000, 0x000000008b800000|
| 101|0x000000008b900000, 0x000000008b900000, 0x000000008ba00000|  0%| F|  |TS 16|AC  0|TAMS 0x000000008b900000, 0x000000008b900000|
| 102|0x000000008ba00000, 0x000000008ba00000, 0x000000008bb00000|  0%| F|  |TS 16|AC  0|TAMS 0x000000008ba00000, 0x000000008ba00000|
| 103|0x000000008bb00000, 0x000000008bb00000, 0x000000008bc00000|  0%| F|  |TS 16|AC  0|TAMS 0x000000008bb00000, 0x000000008bb00000|
| 104|0x000000008bc00000, 0x000000008bc00000, 0x000000008bd00000|  0%| F|  |TS 16|AC  0|TAMS 0x000000008bc00000, 0x000000008bc00000|
| 105|0x000000008bd00000, 0x000000008bd00000, 0x000000008be00000|  0%| F|  |TS 16|AC  0|TAMS 0x000000008bd00000, 0x000000008bd00000|
| 106|0x000000008be00000, 0x000000008be00000, 0x000000008bf00000|  0%| F|  |TS 16|AC  0|TAMS 0x000000008be00000, 0x000000008be00000|
| 107|0x000000008bf00000, 0x000000008bf00000, 0x000000008c000000|  0%| F|  |TS 16|AC  0|TAMS 0x000000008bf00000, 0x000000008bf00000|
| 108|0x000000008c000000, 0x000000008c000000, 0x000000008c100000|  0%| F|  |TS 16|AC  0|TAMS 0x000000008c000000, 0x000000008c000000|
| 109|0x000000008c100000, 0x000000008c100000, 0x000000008c200000|  0%| F|  |TS 16|AC  0|TAMS 0x000000008c100000, 0x000000008c100000|
| 110|0x000000008c200000, 0x000000008c200000, 0x000000008c300000|  0%| F|  |TS 16|AC  0|TAMS 0x000000008c200000, 0x000000008c200000|
| 111|0x000000008c300000, 0x000000008c300000, 0x000000008c400000|  0%| F|  |TS 16|AC  0|TAMS 0x000000008c300000, 0x000000008c300000|
| 112|0x000000008c400000, 0x000000008c400000, 0x000000008c500000|  0%| F|  |TS 16|AC  0|TAMS 0x000000008c400000, 0x000000008c400000|
| 113|0x000000008c500000, 0x000000008c500000, 0x000000008c600000|  0%| F|  |TS 16|AC  0|TAMS 0x000000008c500000, 0x000000008c500000|
| 114|0x000000008c600000, 0x000000008c600000, 0x000000008c700000|  0%| F|  |TS 16|AC  0|TAMS 0x000000008c600000, 0x000000008c600000|
| 115|0x000000008c700000, 0x000000008c700000, 0x000000008c800000|  0%| F|  |TS 16|AC  0|TAMS 0x000000008c700000, 0x000000008c700000|
| 116|0x000000008c800000, 0x000000008c800000, 0x000000008c900000|  0%| F|  |TS 16|AC  0|TAMS 0x000000008c800000, 0x000000008c800000|
| 117|0x000000008c900000, 0x000000008c900000, 0x000000008ca00000|  0%| F|  |TS 16|AC  0|TAMS 0x000000008c900000, 0x000000008c900000|
| 118|0x000000008ca00000, 0x000000008ca00000, 0x000000008cb00000|  0%| F|  |TS 16|AC  0|TAMS 0x000000008ca00000, 0x000000008ca00000|
| 119|0x000000008cb00000, 0x000000008cb00000, 0x000000008cc00000|  0%| F|  |TS 16|AC  0|TAMS 0x000000008cb00000, 0x000000008cb00000|
| 120|0x000000008cc00000, 0x000000008cc00000, 0x000000008cd00000|  0%| F|  |TS 16|AC  0|TAMS 0x000000008cc00000, 0x000000008cc00000|
| 121|0x000000008cd00000, 0x000000008cd00000, 0x000000008ce00000|  0%| F|  |TS 16|AC  0|TAMS 0x000000008cd00000, 0x000000008cd00000|
| 122|0x000000008ce00000, 0x000000008ce00000, 0x000000008cf00000|  0%| F|  |TS 16|AC  0|TAMS 0x000000008ce00000, 0x000000008ce00000|
| 123|0x000000008cf00000, 0x000000008cf00000, 0x000000008d000000|  0%| F|  |TS 16|AC  0|TAMS 0x000000008cf00000, 0x000000008cf00000|
| 124|0x000000008d000000, 0x000000008d000000, 0x000000008d100000|  0%| F|  |TS 16|AC  0|TAMS 0x000000008d000000, 0x000000008d000000|
| 125|0x000000008d100000, 0x000000008d100000, 0x000000008d200000|  0%| F|  |TS 16|AC  0|TAMS 0x000000008d100000, 0x000000008d100000|
| 126|0x000000008d200000, 0x000000008d200000, 0x000000008d300000|  0%| F|  |TS 16|AC  0|TAMS 0x000000008d200000, 0x000000008d200000|
| 127|0x000000008d300000, 0x000000008d300000, 0x000000008d400000|  0%| F|  |TS 16|AC  0|TAMS 0x000000008d300000, 0x000000008d300000|
| 128|0x000000008d400000, 0x000000008d400000, 0x000000008d500000|  0%| F|  |TS 16|AC  0|TAMS 0x000000008d400000, 0x000000008d400000|
| 129|0x000000008d500000, 0x000000008d500000, 0x000000008d600000|  0%| F|  |TS 16|AC  0|TAMS 0x000000008d500000, 0x000000008d500000|
| 130|0x000000008d600000, 0x000000008d600000, 0x000000008d700000|  0%| F|  |TS 16|AC  0|TAMS 0x000000008d600000, 0x000000008d600000|
| 131|0x000000008d700000, 0x000000008d700000, 0x000000008d800000|  0%| F|  |TS 16|AC  0|TAMS 0x000000008d700000, 0x000000008d700000|
| 132|0x000000008d800000, 0x000000008d800000, 0x000000008d900000|  0%| F|  |TS 16|AC  0|TAMS 0x000000008d800000, 0x000000008d800000|
| 133|0x000000008d900000, 0x000000008d900000, 0x000000008da00000|  0%| F|  |TS 16|AC  0|TAMS 0x000000008d900000, 0x000000008d900000|
| 134|0x000000008da00000, 0x000000008da00000, 0x000000008db00000|  0%| F|  |TS 16|AC  0|TAMS 0x000000008da00000, 0x000000008da00000|
| 135|0x000000008db00000, 0x000000008db00000, 0x000000008dc00000|  0%| F|  |TS 16|AC  0|TAMS 0x000000008db00000, 0x000000008db00000|
| 136|0x000000008dc00000, 0x000000008dc00000, 0x000000008dd00000|  0%| F|  |TS 16|AC  0|TAMS 0x000000008dc00000, 0x000000008dc00000|
| 137|0x000000008dd00000, 0x000000008dd00000, 0x000000008de00000|  0%| F|  |TS 16|AC  0|TAMS 0x000000008dd00000, 0x000000008dd00000|
| 138|0x000000008de00000, 0x000000008de00000, 0x000000008df00000|  0%| F|  |TS 16|AC  0|TAMS 0x000000008de00000, 0x000000008de00000|
| 139|0x000000008df00000, 0x000000008df00000, 0x000000008e000000|  0%| F|  |TS 16|AC  0|TAMS 0x000000008df00000, 0x000000008df00000|
| 140|0x000000008e000000, 0x000000008e000000, 0x000000008e100000|  0%| F|  |TS 16|AC  0|TAMS 0x000000008e000000, 0x000000008e000000|
| 141|0x000000008e100000, 0x000000008e100000, 0x000000008e200000|  0%| F|  |TS 16|AC  0|TAMS 0x000000008e100000, 0x000000008e100000|
| 142|0x000000008e200000, 0x000000008e200000, 0x000000008e300000|  0%| F|  |TS 16|AC  0|TAMS 0x000000008e200000, 0x000000008e200000|
| 143|0x000000008e300000, 0x000000008e300000, 0x000000008e400000|  0%| F|  |TS 16|AC  0|TAMS 0x000000008e300000, 0x000000008e300000|
| 144|0x000000008e400000, 0x000000008e400000, 0x000000008e500000|  0%| F|  |TS 16|AC  0|TAMS 0x000000008e400000, 0x000000008e400000|
| 145|0x000000008e500000, 0x000000008e500000, 0x000000008e600000|  0%| F|  |TS 16|AC  0|TAMS 0x000000008e500000, 0x000000008e500000|
| 146|0x000000008e600000, 0x000000008e600000, 0x000000008e700000|  0%| F|  |TS 16|AC  0|TAMS 0x000000008e600000, 0x000000008e600000|
| 147|0x000000008e700000, 0x000000008e700000, 0x000000008e800000|  0%| F|  |TS 16|AC  0|TAMS 0x000000008e700000, 0x000000008e700000|
| 148|0x000000008e800000, 0x000000008e800000, 0x000000008e900000|  0%| F|  |TS 16|AC  0|TAMS 0x000000008e800000, 0x000000008e800000|
| 149|0x000000008e900000, 0x000000008e900000, 0x000000008ea00000|  0%| F|  |TS 16|AC  0|TAMS 0x000000008e900000, 0x000000008e900000|
| 150|0x000000008ea00000, 0x000000008ea00000, 0x000000008eb00000|  0%| F|  |TS 16|AC  0|TAMS 0x000000008ea00000, 0x000000008ea00000|
| 151|0x000000008eb00000, 0x000000008eb00000, 0x000000008ec00000|  0%| F|  |TS 16|AC  0|TAMS 0x000000008eb00000, 0x000000008eb00000|
| 152|0x000000008ec00000, 0x000000008ec00000, 0x000000008ed00000|  0%| F|  |TS 16|AC  0|TAMS 0x000000008ec00000, 0x000000008ec00000|
| 153|0x000000008ed00000, 0x000000008ed00000, 0x000000008ee00000|  0%| F|  |TS 16|AC  0|TAMS 0x000000008ed00000, 0x000000008ed00000|
| 154|0x000000008ee00000, 0x000000008ee00000, 0x000000008ef00000|  0%| F|  |TS 16|AC  0|TAMS 0x000000008ee00000, 0x000000008ee00000|
| 155|0x000000008ef00000, 0x000000008ef00000, 0x000000008f000000|  0%| F|  |TS 16|AC  0|TAMS 0x000000008ef00000, 0x000000008ef00000|
| 156|0x000000008f000000, 0x000000008f000000, 0x000000008f100000|  0%| F|  |TS 16|AC  0|TAMS 0x000000008f000000, 0x000000008f000000|
| 157|0x000000008f100000, 0x000000008f100000, 0x000000008f200000|  0%| F|  |TS 16|AC  0|TAMS 0x000000008f100000, 0x000000008f100000|
| 158|0x000000008f200000, 0x000000008f200000, 0x000000008f300000|  0%| F|  |TS 16|AC  0|TAMS 0x000000008f200000, 0x000000008f200000|
| 159|0x000000008f300000, 0x000000008f300000, 0x000000008f400000|  0%| F|  |TS 16|AC  0|TAMS 0x000000008f300000, 0x000000008f300000|
| 160|0x000000008f400000, 0x000000008f400000, 0x000000008f500000|  0%| F|  |TS 16|AC  0|TAMS 0x000000008f400000, 0x000000008f400000|
| 161|0x000000008f500000, 0x000000008f500000, 0x000000008f600000|  0%| F|  |TS 16|AC  0|TAMS 0x000000008f500000, 0x000000008f500000|
| 162|0x000000008f600000, 0x000000008f600000, 0x000000008f700000|  0%| F|  |TS 16|AC  0|TAMS 0x000000008f600000, 0x000000008f600000|
| 163|0x000000008f700000, 0x000000008f700000, 0x000000008f800000|  0%| F|  |TS 16|AC  0|TAMS 0x000000008f700000, 0x000000008f700000|
| 164|0x000000008f800000, 0x000000008f800000, 0x000000008f900000|  0%| F|  |TS 16|AC  0|TAMS 0x000000008f800000, 0x000000008f800000|
| 165|0x000000008f900000, 0x000000008f900000, 0x000000008fa00000|  0%| F|  |TS 16|AC  0|TAMS 0x000000008f900000, 0x000000008f900000|
| 166|0x000000008fa00000, 0x000000008fa00000, 0x000000008fb00000|  0%| F|  |TS 16|AC  0|TAMS 0x000000008fa00000, 0x000000008fa00000|
| 167|0x000000008fb00000, 0x000000008fb00000, 0x000000008fc00000|  0%| F|  |TS 16|AC  0|TAMS 0x000000008fb00000, 0x000000008fb00000|
| 168|0x000000008fc00000, 0x000000008fc00000, 0x000000008fd00000|  0%| F|  |TS 16|AC  0|TAMS 0x000000008fc00000, 0x000000008fc00000|
| 169|0x000000008fd00000, 0x000000008fd00000, 0x000000008fe00000|  0%| F|  |TS 16|AC  0|TAMS 0x000000008fd00000, 0x000000008fd00000|
| 170|0x000000008fe00000, 0x000000008fe00000, 0x000000008ff00000|  0%| F|  |TS 16|AC  0|TAMS 0x000000008fe00000, 0x000000008fe00000|
| 171|0x000000008ff00000, 0x000000008ff00000, 0x0000000090000000|  0%| F|  |TS 16|AC  0|TAMS 0x000000008ff00000, 0x000000008ff00000|
| 172|0x0000000090000000, 0x0000000090000000, 0x0000000090100000|  0%| F|  |TS 16|AC  0|TAMS 0x0000000090000000, 0x0000000090000000|
| 173|0x0000000090100000, 0x0000000090100000, 0x0000000090200000|  0%| F|  |TS 16|AC  0|TAMS 0x0000000090100000, 0x0000000090100000|
| 174|0x0000000090200000, 0x0000000090200000, 0x0000000090300000|  0%| F|  |TS 16|AC  0|TAMS 0x0000000090200000, 0x0000000090200000|
| 175|0x0000000090300000, 0x0000000090300000, 0x0000000090400000|  0%| F|  |TS 16|AC  0|TAMS 0x0000000090300000, 0x0000000090300000|
| 176|0x0000000090400000, 0x0000000090400000, 0x0000000090500000|  0%| F|  |TS 16|AC  0|TAMS 0x0000000090400000, 0x0000000090400000|
| 177|0x0000000090500000, 0x0000000090500000, 0x0000000090600000|  0%| F|  |TS 16|AC  0|TAMS 0x0000000090500000, 0x0000000090500000|
| 178|0x0000000090600000, 0x0000000090600000, 0x0000000090700000|  0%| F|  |TS 16|AC  0|TAMS 0x0000000090600000, 0x0000000090600000|
| 179|0x0000000090700000, 0x0000000090700000, 0x0000000090800000|  0%| F|  |TS 16|AC  0|TAMS 0x0000000090700000, 0x0000000090700000|
| 180|0x0000000090800000, 0x0000000090800000, 0x0000000090900000|  0%| F|  |TS 16|AC  0|TAMS 0x0000000090800000, 0x0000000090800000|
| 181|0x0000000090900000, 0x0000000090900000, 0x0000000090a00000|  0%| F|  |TS 16|AC  0|TAMS 0x0000000090900000, 0x0000000090900000|
| 182|0x0000000090a00000, 0x0000000090a00000, 0x0000000090b00000|  0%| F|  |TS 16|AC  0|TAMS 0x0000000090a00000, 0x0000000090a00000|
| 183|0x0000000090b00000, 0x0000000090b00000, 0x0000000090c00000|  0%| F|  |TS 16|AC  0|TAMS 0x0000000090b00000, 0x0000000090b00000|
| 184|0x0000000090c00000, 0x0000000090c7abe0, 0x0000000090d00000| 47%| S|CS|TS214|AC  0|TAMS 0x0000000090c00000, 0x0000000090c00000|
| 185|0x0000000090d00000, 0x0000000090d00000, 0x0000000090e00000|  0%| F|  |TS214|AC  0|TAMS 0x0000000090d00000, 0x0000000090d00000|
| 186|0x0000000090e00000, 0x0000000090e00000, 0x0000000090f00000|  0%| F|  |TS214|AC  0|TAMS 0x0000000090e00000, 0x0000000090e00000|
| 187|0x0000000090f00000, 0x0000000090f00000, 0x0000000091000000|  0%| F|  |TS214|AC  0|TAMS 0x0000000090f00000, 0x0000000090f00000|
| 188|0x0000000091000000, 0x0000000091000000, 0x0000000091100000|  0%| F|  |TS214|AC  0|TAMS 0x0000000091000000, 0x0000000091000000|
| 189|0x0000000091100000, 0x0000000091100000, 0x0000000091200000|  0%| F|  |TS214|AC  0|TAMS 0x0000000091100000, 0x0000000091100000|
| 190|0x0000000091200000, 0x0000000091200000, 0x0000000091300000|  0%| F|  |TS214|AC  0|TAMS 0x0000000091200000, 0x0000000091200000|
| 191|0x0000000091300000, 0x0000000091300000, 0x0000000091400000|  0%| F|  |TS214|AC  0|TAMS 0x0000000091300000, 0x0000000091300000|
| 192|0x0000000091400000, 0x0000000091400000, 0x0000000091500000|  0%| F|  |TS214|AC  0|TAMS 0x0000000091400000, 0x0000000091400000|
| 193|0x0000000091500000, 0x0000000091500000, 0x0000000091600000|  0%| F|  |TS214|AC  0|TAMS 0x0000000091500000, 0x0000000091500000|
| 194|0x0000000091600000, 0x0000000091600000, 0x0000000091700000|  0%| F|  |TS214|AC  0|TAMS 0x0000000091600000, 0x0000000091600000|
| 195|0x0000000091700000, 0x0000000091700000, 0x0000000091800000|  0%| F|  |TS214|AC  0|TAMS 0x0000000091700000, 0x0000000091700000|
| 196|0x0000000091800000, 0x0000000091800000, 0x0000000091900000|  0%| F|  |TS214|AC  0|TAMS 0x0000000091800000, 0x0000000091800000|
| 197|0x0000000091900000, 0x0000000091900000, 0x0000000091a00000|  0%| F|  |TS214|AC  0|TAMS 0x0000000091900000, 0x0000000091900000|
| 198|0x0000000091a00000, 0x0000000091a00000, 0x0000000091b00000|  0%| F|  |TS214|AC  0|TAMS 0x0000000091a00000, 0x0000000091a00000|
| 199|0x0000000091b00000, 0x0000000091b00000, 0x0000000091c00000|  0%| F|  |TS214|AC  0|TAMS 0x0000000091b00000, 0x0000000091b00000|
| 200|0x0000000091c00000, 0x0000000091c00000, 0x0000000091d00000|  0%| F|  |TS214|AC  0|TAMS 0x0000000091c00000, 0x0000000091c00000|
| 201|0x0000000091d00000, 0x0000000091d00000, 0x0000000091e00000|  0%| F|  |TS214|AC  0|TAMS 0x0000000091d00000, 0x0000000091d00000|
| 202|0x0000000091e00000, 0x0000000091e00000, 0x0000000091f00000|  0%| F|  |TS214|AC  0|TAMS 0x0000000091e00000, 0x0000000091e00000|
| 203|0x0000000091f00000, 0x0000000091f00000, 0x0000000092000000|  0%| F|  |TS214|AC  0|TAMS 0x0000000091f00000, 0x0000000091f00000|
| 204|0x0000000092000000, 0x0000000092000000, 0x0000000092100000|  0%| F|  |TS214|AC  0|TAMS 0x0000000092000000, 0x0000000092000000|
| 205|0x0000000092100000, 0x0000000092100000, 0x0000000092200000|  0%| F|  |TS214|AC  0|TAMS 0x0000000092100000, 0x0000000092100000|
| 206|0x0000000092200000, 0x0000000092200000, 0x0000000092300000|  0%| F|  |TS214|AC  0|TAMS 0x0000000092200000, 0x0000000092200000|
| 207|0x0000000092300000, 0x0000000092300000, 0x0000000092400000|  0%| F|  |TS214|AC  0|TAMS 0x0000000092300000, 0x0000000092300000|
| 208|0x0000000092400000, 0x0000000092400000, 0x0000000092500000|  0%| F|  |TS214|AC  0|TAMS 0x0000000092400000, 0x0000000092400000|
| 209|0x0000000092500000, 0x0000000092500000, 0x0000000092600000|  0%| F|  |TS214|AC  0|TAMS 0x0000000092500000, 0x0000000092500000|
| 210|0x0000000092600000, 0x0000000092600000, 0x0000000092700000|  0%| F|  |TS214|AC  0|TAMS 0x0000000092600000, 0x0000000092600000|
| 211|0x0000000092700000, 0x0000000092700000, 0x0000000092800000|  0%| F|  |TS214|AC  0|TAMS 0x0000000092700000, 0x0000000092700000|
| 212|0x0000000092800000, 0x0000000092800000, 0x0000000092900000|  0%| F|  |TS214|AC  0|TAMS 0x0000000092800000, 0x0000000092800000|
| 213|0x0000000092900000, 0x0000000092900000, 0x0000000092a00000|  0%| F|  |TS214|AC  0|TAMS 0x0000000092900000, 0x0000000092900000|
| 214|0x0000000092a00000, 0x0000000092a00000, 0x0000000092b00000|  0%| F|  |TS214|AC  0|TAMS 0x0000000092a00000, 0x0000000092a00000|
| 215|0x0000000092b00000, 0x0000000092b00000, 0x0000000092c00000|  0%| F|  |TS214|AC  0|TAMS 0x0000000092b00000, 0x0000000092b00000|
| 216|0x0000000092c00000, 0x0000000092c00000, 0x0000000092d00000|  0%| F|  |TS214|AC  0|TAMS 0x0000000092c00000, 0x0000000092c00000|
| 217|0x0000000092d00000, 0x0000000092d00000, 0x0000000092e00000|  0%| F|  |TS214|AC  0|TAMS 0x0000000092d00000, 0x0000000092d00000|
| 218|0x0000000092e00000, 0x0000000092e00000, 0x0000000092f00000|  0%| F|  |TS214|AC  0|TAMS 0x0000000092e00000, 0x0000000092e00000|
| 219|0x0000000092f00000, 0x0000000092f00000, 0x0000000093000000|  0%| F|  |TS214|AC  0|TAMS 0x0000000092f00000, 0x0000000092f00000|
| 220|0x0000000093000000, 0x0000000093000000, 0x0000000093100000|  0%| F|  |TS214|AC  0|TAMS 0x0000000093000000, 0x0000000093000000|
| 221|0x0000000093100000, 0x0000000093100000, 0x0000000093200000|  0%| F|  |TS214|AC  0|TAMS 0x0000000093100000, 0x0000000093100000|
| 222|0x0000000093200000, 0x0000000093200000, 0x0000000093300000|  0%| F|  |TS214|AC  0|TAMS 0x0000000093200000, 0x0000000093200000|
| 223|0x0000000093300000, 0x0000000093300000, 0x0000000093400000|  0%| F|  |TS214|AC  0|TAMS 0x0000000093300000, 0x0000000093300000|
| 224|0x0000000093400000, 0x0000000093400000, 0x0000000093500000|  0%| F|  |TS214|AC  0|TAMS 0x0000000093400000, 0x0000000093400000|
| 225|0x0000000093500000, 0x0000000093500000, 0x0000000093600000|  0%| F|  |TS214|AC  0|TAMS 0x0000000093500000, 0x0000000093500000|
| 226|0x0000000093600000, 0x0000000093600000, 0x0000000093700000|  0%| F|  |TS214|AC  0|TAMS 0x0000000093600000, 0x0000000093600000|
| 227|0x0000000093700000, 0x0000000093700000, 0x0000000093800000|  0%| F|  |TS214|AC  0|TAMS 0x0000000093700000, 0x0000000093700000|
| 228|0x0000000093800000, 0x0000000093800000, 0x0000000093900000|  0%| F|  |TS214|AC  0|TAMS 0x0000000093800000, 0x0000000093800000|
| 229|0x0000000093900000, 0x0000000093900000, 0x0000000093a00000|  0%| F|  |TS214|AC  0|TAMS 0x0000000093900000, 0x0000000093900000|
| 230|0x0000000093a00000, 0x0000000093a00000, 0x0000000093b00000|  0%| F|  |TS214|AC  0|TAMS 0x0000000093a00000, 0x0000000093a00000|
| 231|0x0000000093b00000, 0x0000000093b00000, 0x0000000093c00000|  0%| F|  |TS214|AC  0|TAMS 0x0000000093b00000, 0x0000000093b00000|
| 232|0x0000000093c00000, 0x0000000093c00000, 0x0000000093d00000|  0%| F|  |TS214|AC  0|TAMS 0x0000000093c00000, 0x0000000093c00000|
| 233|0x0000000093d00000, 0x0000000093d00000, 0x0000000093e00000|  0%| F|  |TS214|AC  0|TAMS 0x0000000093d00000, 0x0000000093d00000|
| 234|0x0000000093e00000, 0x0000000093e00000, 0x0000000093f00000|  0%| F|  |TS214|AC  0|TAMS 0x0000000093e00000, 0x0000000093e00000|
| 235|0x0000000093f00000, 0x0000000093f00000, 0x0000000094000000|  0%| F|  |TS214|AC  0|TAMS 0x0000000093f00000, 0x0000000093f00000|
| 236|0x0000000094000000, 0x0000000094000000, 0x0000000094100000|  0%| F|  |TS214|AC  0|TAMS 0x0000000094000000, 0x0000000094000000|
| 237|0x0000000094100000, 0x0000000094100000, 0x0000000094200000|  0%| F|  |TS214|AC  0|TAMS 0x0000000094100000, 0x0000000094100000|
| 238|0x0000000094200000, 0x0000000094200000, 0x0000000094300000|  0%| F|  |TS214|AC  0|TAMS 0x0000000094200000, 0x0000000094200000|
| 239|0x0000000094300000, 0x0000000094300000, 0x0000000094400000|  0%| F|  |TS214|AC  0|TAMS 0x0000000094300000, 0x0000000094300000|
| 240|0x0000000094400000, 0x0000000094400000, 0x0000000094500000|  0%| F|  |TS214|AC  0|TAMS 0x0000000094400000, 0x0000000094400000|
| 241|0x0000000094500000, 0x0000000094500000, 0x0000000094600000|  0%| F|  |TS214|AC  0|TAMS 0x0000000094500000, 0x0000000094500000|
| 242|0x0000000094600000, 0x0000000094600000, 0x0000000094700000|  0%| F|  |TS214|AC  0|TAMS 0x0000000094600000, 0x0000000094600000|
| 243|0x0000000094700000, 0x0000000094700000, 0x0000000094800000|  0%| F|  |TS214|AC  0|TAMS 0x0000000094700000, 0x0000000094700000|
| 244|0x0000000094800000, 0x0000000094800000, 0x0000000094900000|  0%| F|  |TS214|AC  0|TAMS 0x0000000094800000, 0x0000000094800000|
| 245|0x0000000094900000, 0x0000000094900000, 0x0000000094a00000|  0%| F|  |TS214|AC  0|TAMS 0x0000000094900000, 0x0000000094900000|
| 246|0x0000000094a00000, 0x0000000094a00000, 0x0000000094b00000|  0%| F|  |TS214|AC  0|TAMS 0x0000000094a00000, 0x0000000094a00000|
| 247|0x0000000094b00000, 0x0000000094b00000, 0x0000000094c00000|  0%| F|  |TS214|AC  0|TAMS 0x0000000094b00000, 0x0000000094b00000|
| 248|0x0000000094c00000, 0x0000000094c00000, 0x0000000094d00000|  0%| F|  |TS214|AC  0|TAMS 0x0000000094c00000, 0x0000000094c00000|
| 249|0x0000000094d00000, 0x0000000094d00000, 0x0000000094e00000|  0%| F|  |TS214|AC  0|TAMS 0x0000000094d00000, 0x0000000094d00000|
| 250|0x0000000094e00000, 0x0000000094e00000, 0x0000000094f00000|  0%| F|  |TS214|AC  0|TAMS 0x0000000094e00000, 0x0000000094e00000|
| 251|0x0000000094f00000, 0x0000000094f00000, 0x0000000095000000|  0%| F|  |TS214|AC  0|TAMS 0x0000000094f00000, 0x0000000094f00000|
| 252|0x0000000095000000, 0x0000000095000000, 0x0000000095100000|  0%| F|  |TS214|AC  0|TAMS 0x0000000095000000, 0x0000000095000000|
| 253|0x0000000095100000, 0x0000000095100000, 0x0000000095200000|  0%| F|  |TS214|AC  0|TAMS 0x0000000095100000, 0x0000000095100000|
| 254|0x0000000095200000, 0x0000000095200000, 0x0000000095300000|  0%| F|  |TS214|AC  0|TAMS 0x0000000095200000, 0x0000000095200000|
| 255|0x0000000095300000, 0x0000000095300000, 0x0000000095400000|  0%| F|  |TS214|AC  0|TAMS 0x0000000095300000, 0x0000000095300000|
| 256|0x0000000095400000, 0x0000000095400000, 0x0000000095500000|  0%| F|  |TS214|AC  0|TAMS 0x0000000095400000, 0x0000000095400000|
| 257|0x0000000095500000, 0x0000000095500000, 0x0000000095600000|  0%| F|  |TS214|AC  0|TAMS 0x0000000095500000, 0x0000000095500000|
| 258|0x0000000095600000, 0x0000000095600000, 0x0000000095700000|  0%| F|  |TS214|AC  0|TAMS 0x0000000095600000, 0x0000000095600000|
| 259|0x0000000095700000, 0x0000000095700000, 0x0000000095800000|  0%| F|  |TS214|AC  0|TAMS 0x0000000095700000, 0x0000000095700000|
| 260|0x0000000095800000, 0x0000000095800000, 0x0000000095900000|  0%| F|  |TS214|AC  0|TAMS 0x0000000095800000, 0x0000000095800000|
| 261|0x0000000095900000, 0x0000000095900000, 0x0000000095a00000|  0%| F|  |TS214|AC  0|TAMS 0x0000000095900000, 0x0000000095900000|
| 262|0x0000000095a00000, 0x0000000095a00000, 0x0000000095b00000|  0%| F|  |TS214|AC  0|TAMS 0x0000000095a00000, 0x0000000095a00000|
| 263|0x0000000095b00000, 0x0000000095b00000, 0x0000000095c00000|  0%| F|  |TS214|AC  0|TAMS 0x0000000095b00000, 0x0000000095b00000|
| 264|0x0000000095c00000, 0x0000000095c00000, 0x0000000095d00000|  0%| F|  |TS214|AC  0|TAMS 0x0000000095c00000, 0x0000000095c00000|
| 265|0x0000000095d00000, 0x0000000095d00000, 0x0000000095e00000|  0%| F|  |TS214|AC  0|TAMS 0x0000000095d00000, 0x0000000095d00000|
| 266|0x0000000095e00000, 0x0000000095e00000, 0x0000000095f00000|  0%| F|  |TS214|AC  0|TAMS 0x0000000095e00000, 0x0000000095e00000|
| 267|0x0000000095f00000, 0x0000000095f00000, 0x0000000096000000|  0%| F|  |TS214|AC  0|TAMS 0x0000000095f00000, 0x0000000095f00000|
| 268|0x0000000096000000, 0x0000000096000000, 0x0000000096100000|  0%| F|  |TS214|AC  0|TAMS 0x0000000096000000, 0x0000000096000000|
| 269|0x0000000096100000, 0x0000000096100000, 0x0000000096200000|  0%| F|  |TS214|AC  0|TAMS 0x0000000096100000, 0x0000000096100000|
| 270|0x0000000096200000, 0x0000000096200000, 0x0000000096300000|  0%| F|  |TS214|AC  0|TAMS 0x0000000096200000, 0x0000000096200000|
| 271|0x0000000096300000, 0x0000000096300000, 0x0000000096400000|  0%| F|  |TS214|AC  0|TAMS 0x0000000096300000, 0x0000000096300000|
| 272|0x0000000096400000, 0x0000000096400000, 0x0000000096500000|  0%| F|  |TS214|AC  0|TAMS 0x0000000096400000, 0x0000000096400000|
| 273|0x0000000096500000, 0x0000000096500000, 0x0000000096600000|  0%| F|  |TS214|AC  0|TAMS 0x0000000096500000, 0x0000000096500000|
| 274|0x0000000096600000, 0x0000000096600000, 0x0000000096700000|  0%| F|  |TS214|AC  0|TAMS 0x0000000096600000, 0x0000000096600000|
| 275|0x0000000096700000, 0x0000000096700000, 0x0000000096800000|  0%| F|  |TS214|AC  0|TAMS 0x0000000096700000, 0x0000000096700000|
| 276|0x0000000096800000, 0x0000000096800000, 0x0000000096900000|  0%| F|  |TS214|AC  0|TAMS 0x0000000096800000, 0x0000000096800000|
| 277|0x0000000096900000, 0x0000000096900000, 0x0000000096a00000|  0%| F|  |TS214|AC  0|TAMS 0x0000000096900000, 0x0000000096900000|
| 278|0x0000000096a00000, 0x0000000096a00000, 0x0000000096b00000|  0%| F|  |TS214|AC  0|TAMS 0x0000000096a00000, 0x0000000096a00000|
| 279|0x0000000096b00000, 0x0000000096b00000, 0x0000000096c00000|  0%| F|  |TS214|AC  0|TAMS 0x0000000096b00000, 0x0000000096b00000|
| 280|0x0000000096c00000, 0x0000000096c00000, 0x0000000096d00000|  0%| F|  |TS214|AC  0|TAMS 0x0000000096c00000, 0x0000000096c00000|
| 281|0x0000000096d00000, 0x0000000096d00000, 0x0000000096e00000|  0%| F|  |TS214|AC  0|TAMS 0x0000000096d00000, 0x0000000096d00000|
| 282|0x0000000096e00000, 0x0000000096e00000, 0x0000000096f00000|  0%| F|  |TS214|AC  0|TAMS 0x0000000096e00000, 0x0000000096e00000|
| 283|0x0000000096f00000, 0x0000000096f00000, 0x0000000097000000|  0%| F|  |TS214|AC  0|TAMS 0x0000000096f00000, 0x0000000096f00000|
| 284|0x0000000097000000, 0x0000000097000000, 0x0000000097100000|  0%| F|  |TS214|AC  0|TAMS 0x0000000097000000, 0x0000000097000000|
| 285|0x0000000097100000, 0x0000000097100000, 0x0000000097200000|  0%| F|  |TS214|AC  0|TAMS 0x0000000097100000, 0x0000000097100000|
| 286|0x0000000097200000, 0x0000000097200000, 0x0000000097300000|  0%| F|  |TS214|AC  0|TAMS 0x0000000097200000, 0x0000000097200000|
| 287|0x0000000097300000, 0x0000000097300000, 0x0000000097400000|  0%| F|  |TS214|AC  0|TAMS 0x0000000097300000, 0x0000000097300000|
| 288|0x0000000097400000, 0x0000000097400000, 0x0000000097500000|  0%| F|  |TS214|AC  0|TAMS 0x0000000097400000, 0x0000000097400000|
| 289|0x0000000097500000, 0x0000000097500000, 0x0000000097600000|  0%| F|  |TS214|AC  0|TAMS 0x0000000097500000, 0x0000000097500000|
| 290|0x0000000097600000, 0x0000000097600000, 0x0000000097700000|  0%| F|  |TS214|AC  0|TAMS 0x0000000097600000, 0x0000000097600000|
| 291|0x0000000097700000, 0x0000000097700000, 0x0000000097800000|  0%| F|  |TS214|AC  0|TAMS 0x0000000097700000, 0x0000000097700000|
| 292|0x0000000097800000, 0x0000000097800000, 0x0000000097900000|  0%| F|  |TS214|AC  0|TAMS 0x0000000097800000, 0x0000000097800000|
| 293|0x0000000097900000, 0x0000000097900000, 0x0000000097a00000|  0%| F|  |TS214|AC  0|TAMS 0x0000000097900000, 0x0000000097900000|
| 294|0x0000000097a00000, 0x0000000097a00000, 0x0000000097b00000|  0%| F|  |TS214|AC  0|TAMS 0x0000000097a00000, 0x0000000097a00000|
| 295|0x0000000097b00000, 0x0000000097b00000, 0x0000000097c00000|  0%| F|  |TS214|AC  0|TAMS 0x0000000097b00000, 0x0000000097b00000|
| 296|0x0000000097c00000, 0x0000000097c00000, 0x0000000097d00000|  0%| F|  |TS214|AC  0|TAMS 0x0000000097c00000, 0x0000000097c00000|
| 297|0x0000000097d00000, 0x0000000097d00000, 0x0000000097e00000|  0%| F|  |TS214|AC  0|TAMS 0x0000000097d00000, 0x0000000097d00000|
| 298|0x0000000097e00000, 0x0000000097e00000, 0x0000000097f00000|  0%| F|  |TS214|AC  0|TAMS 0x0000000097e00000, 0x0000000097e00000|
| 299|0x0000000097f00000, 0x0000000097f00000, 0x0000000098000000|  0%| F|  |TS214|AC  0|TAMS 0x0000000097f00000, 0x0000000097f00000|
| 300|0x0000000098000000, 0x0000000098000000, 0x0000000098100000|  0%| F|  |TS214|AC  0|TAMS 0x0000000098000000, 0x0000000098000000|
| 301|0x0000000098100000, 0x0000000098100000, 0x0000000098200000|  0%| F|  |TS214|AC  0|TAMS 0x0000000098100000, 0x0000000098100000|
| 302|0x0000000098200000, 0x0000000098200000, 0x0000000098300000|  0%| F|  |TS214|AC  0|TAMS 0x0000000098200000, 0x0000000098200000|
| 303|0x0000000098300000, 0x0000000098300000, 0x0000000098400000|  0%| F|  |TS214|AC  0|TAMS 0x0000000098300000, 0x0000000098300000|
| 304|0x0000000098400000, 0x0000000098400000, 0x0000000098500000|  0%| F|  |TS214|AC  0|TAMS 0x0000000098400000, 0x0000000098400000|
| 305|0x0000000098500000, 0x0000000098500000, 0x0000000098600000|  0%| F|  |TS214|AC  0|TAMS 0x0000000098500000, 0x0000000098500000|
| 306|0x0000000098600000, 0x0000000098600000, 0x0000000098700000|  0%| F|  |TS214|AC  0|TAMS 0x0000000098600000, 0x0000000098600000|
| 307|0x0000000098700000, 0x0000000098700000, 0x0000000098800000|  0%| F|  |TS214|AC  0|TAMS 0x0000000098700000, 0x0000000098700000|
| 308|0x0000000098800000, 0x0000000098800000, 0x0000000098900000|  0%| F|  |TS214|AC  0|TAMS 0x0000000098800000, 0x0000000098800000|
| 309|0x0000000098900000, 0x0000000098900000, 0x0000000098a00000|  0%| F|  |TS214|AC  0|TAMS 0x0000000098900000, 0x0000000098900000|
| 310|0x0000000098a00000, 0x0000000098a00000, 0x0000000098b00000|  0%| F|  |TS214|AC  0|TAMS 0x0000000098a00000, 0x0000000098a00000|
| 311|0x0000000098b00000, 0x0000000098b00000, 0x0000000098c00000|  0%| F|  |TS214|AC  0|TAMS 0x0000000098b00000, 0x0000000098b00000|
| 312|0x0000000098c00000, 0x0000000098c00000, 0x0000000098d00000|  0%| F|  |TS214|AC  0|TAMS 0x0000000098c00000, 0x0000000098c00000|
| 313|0x0000000098d00000, 0x0000000098d00000, 0x0000000098e00000|  0%| F|  |TS214|AC  0|TAMS 0x0000000098d00000, 0x0000000098d00000|
| 314|0x0000000098e00000, 0x0000000098e00000, 0x0000000098f00000|  0%| F|  |TS214|AC  0|TAMS 0x0000000098e00000, 0x0000000098e00000|
| 315|0x0000000098f00000, 0x0000000098f00000, 0x0000000099000000|  0%| F|  |TS214|AC  0|TAMS 0x0000000098f00000, 0x0000000098f00000|
| 316|0x0000000099000000, 0x0000000099000000, 0x0000000099100000|  0%| F|  |TS214|AC  0|TAMS 0x0000000099000000, 0x0000000099000000|
| 317|0x0000000099100000, 0x0000000099100000, 0x0000000099200000|  0%| F|  |TS214|AC  0|TAMS 0x0000000099100000, 0x0000000099100000|
| 318|0x0000000099200000, 0x0000000099200000, 0x0000000099300000|  0%| F|  |TS214|AC  0|TAMS 0x0000000099200000, 0x0000000099200000|
| 319|0x0000000099300000, 0x0000000099300000, 0x0000000099400000|  0%| F|  |TS214|AC  0|TAMS 0x0000000099300000, 0x0000000099300000|
| 320|0x0000000099400000, 0x0000000099400000, 0x0000000099500000|  0%| F|  |TS214|AC  0|TAMS 0x0000000099400000, 0x0000000099400000|
| 321|0x0000000099500000, 0x0000000099500000, 0x0000000099600000|  0%| F|  |TS214|AC  0|TAMS 0x0000000099500000, 0x0000000099500000|
| 322|0x0000000099600000, 0x0000000099600000, 0x0000000099700000|  0%| F|  |TS214|AC  0|TAMS 0x0000000099600000, 0x0000000099600000|
| 323|0x0000000099700000, 0x0000000099700000, 0x0000000099800000|  0%| F|  |TS214|AC  0|TAMS 0x0000000099700000, 0x0000000099700000|
| 324|0x0000000099800000, 0x0000000099800000, 0x0000000099900000|  0%| F|  |TS214|AC  0|TAMS 0x0000000099800000, 0x0000000099800000|
| 325|0x0000000099900000, 0x0000000099900000, 0x0000000099a00000|  0%| F|  |TS214|AC  0|TAMS 0x0000000099900000, 0x0000000099900000|
| 326|0x0000000099a00000, 0x0000000099a00000, 0x0000000099b00000|  0%| F|  |TS214|AC  0|TAMS 0x0000000099a00000, 0x0000000099a00000|
| 327|0x0000000099b00000, 0x0000000099b00000, 0x0000000099c00000|  0%| F|  |TS214|AC  0|TAMS 0x0000000099b00000, 0x0000000099b00000|
| 328|0x0000000099c00000, 0x0000000099c00000, 0x0000000099d00000|  0%| F|  |TS214|AC  0|TAMS 0x0000000099c00000, 0x0000000099c00000|
| 329|0x0000000099d00000, 0x0000000099d00000, 0x0000000099e00000|  0%| F|  |TS214|AC  0|TAMS 0x0000000099d00000, 0x0000000099d00000|
| 330|0x0000000099e00000, 0x0000000099e00000, 0x0000000099f00000|  0%| F|  |TS214|AC  0|TAMS 0x0000000099e00000, 0x0000000099e00000|
| 331|0x0000000099f00000, 0x0000000099f00000, 0x000000009a000000|  0%| F|  |TS214|AC  0|TAMS 0x0000000099f00000, 0x0000000099f00000|
| 332|0x000000009a000000, 0x000000009a000000, 0x000000009a100000|  0%| F|  |TS214|AC  0|TAMS 0x000000009a000000, 0x000000009a000000|
| 333|0x000000009a100000, 0x000000009a100000, 0x000000009a200000|  0%| F|  |TS214|AC  0|TAMS 0x000000009a100000, 0x000000009a100000|
| 334|0x000000009a200000, 0x000000009a200000, 0x000000009a300000|  0%| F|  |TS214|AC  0|TAMS 0x000000009a200000, 0x000000009a200000|
| 335|0x000000009a300000, 0x000000009a300000, 0x000000009a400000|  0%| F|  |TS214|AC  0|TAMS 0x000000009a300000, 0x000000009a300000|
| 336|0x000000009a400000, 0x000000009a400000, 0x000000009a500000|  0%| F|  |TS214|AC  0|TAMS 0x000000009a400000, 0x000000009a400000|
| 337|0x000000009a500000, 0x000000009a500000, 0x000000009a600000|  0%| F|  |TS214|AC  0|TAMS 0x000000009a500000, 0x000000009a500000|
| 338|0x000000009a600000, 0x000000009a600000, 0x000000009a700000|  0%| F|  |TS214|AC  0|TAMS 0x000000009a600000, 0x000000009a600000|
| 339|0x000000009a700000, 0x000000009a700000, 0x000000009a800000|  0%| F|  |TS214|AC  0|TAMS 0x000000009a700000, 0x000000009a700000|
| 340|0x000000009a800000, 0x000000009a800000, 0x000000009a900000|  0%| F|  |TS214|AC  0|TAMS 0x000000009a800000, 0x000000009a800000|
| 341|0x000000009a900000, 0x000000009a900000, 0x000000009aa00000|  0%| F|  |TS214|AC  0|TAMS 0x000000009a900000, 0x000000009a900000|
| 342|0x000000009aa00000, 0x000000009aa00000, 0x000000009ab00000|  0%| F|  |TS214|AC  0|TAMS 0x000000009aa00000, 0x000000009aa00000|
| 343|0x000000009ab00000, 0x000000009ab00000, 0x000000009ac00000|  0%| F|  |TS214|AC  0|TAMS 0x000000009ab00000, 0x000000009ab00000|
| 344|0x000000009ac00000, 0x000000009ac00000, 0x000000009ad00000|  0%| F|  |TS214|AC  0|TAMS 0x000000009ac00000, 0x000000009ac00000|
| 345|0x000000009ad00000, 0x000000009ad00000, 0x000000009ae00000|  0%| F|  |TS214|AC  0|TAMS 0x000000009ad00000, 0x000000009ad00000|
| 346|0x000000009ae00000, 0x000000009ae00000, 0x000000009af00000|  0%| F|  |TS214|AC  0|TAMS 0x000000009ae00000, 0x000000009ae00000|
| 347|0x000000009af00000, 0x000000009af00000, 0x000000009b000000|  0%| F|  |TS214|AC  0|TAMS 0x000000009af00000, 0x000000009af00000|
| 348|0x000000009b000000, 0x000000009b000000, 0x000000009b100000|  0%| F|  |TS214|AC  0|TAMS 0x000000009b000000, 0x000000009b000000|
| 349|0x000000009b100000, 0x000000009b100000, 0x000000009b200000|  0%| F|  |TS214|AC  0|TAMS 0x000000009b100000, 0x000000009b100000|
| 350|0x000000009b200000, 0x000000009b200000, 0x000000009b300000|  0%| F|  |TS214|AC  0|TAMS 0x000000009b200000, 0x000000009b200000|
| 351|0x000000009b300000, 0x000000009b300000, 0x000000009b400000|  0%| F|  |TS214|AC  0|TAMS 0x000000009b300000, 0x000000009b300000|
| 352|0x000000009b400000, 0x000000009b400000, 0x000000009b500000|  0%| F|  |TS214|AC  0|TAMS 0x000000009b400000, 0x000000009b400000|
| 353|0x000000009b500000, 0x000000009b500000, 0x000000009b600000|  0%| F|  |TS214|AC  0|TAMS 0x000000009b500000, 0x000000009b500000|
| 354|0x000000009b600000, 0x000000009b600000, 0x000000009b700000|  0%| F|  |TS214|AC  0|TAMS 0x000000009b600000, 0x000000009b600000|
| 355|0x000000009b700000, 0x000000009b700000, 0x000000009b800000|  0%| F|  |TS214|AC  0|TAMS 0x000000009b700000, 0x000000009b700000|
| 356|0x000000009b800000, 0x000000009b800000, 0x000000009b900000|  0%| F|  |TS214|AC  0|TAMS 0x000000009b800000, 0x000000009b800000|
| 357|0x000000009b900000, 0x000000009b900000, 0x000000009ba00000|  0%| F|  |TS214|AC  0|TAMS 0x000000009b900000, 0x000000009b900000|
| 358|0x000000009ba00000, 0x000000009ba00000, 0x000000009bb00000|  0%| F|  |TS214|AC  0|TAMS 0x000000009ba00000, 0x000000009ba00000|
| 359|0x000000009bb00000, 0x000000009bb00000, 0x000000009bc00000|  0%| F|  |TS214|AC  0|TAMS 0x000000009bb00000, 0x000000009bb00000|
| 360|0x000000009bc00000, 0x000000009bc00000, 0x000000009bd00000|  0%| F|  |TS214|AC  0|TAMS 0x000000009bc00000, 0x000000009bc00000|
| 361|0x000000009bd00000, 0x000000009bd00000, 0x000000009be00000|  0%| F|  |TS214|AC  0|TAMS 0x000000009bd00000, 0x000000009bd00000|
| 362|0x000000009be00000, 0x000000009be00000, 0x000000009bf00000|  0%| F|  |TS214|AC  0|TAMS 0x000000009be00000, 0x000000009be00000|
| 363|0x000000009bf00000, 0x000000009bf00000, 0x000000009c000000|  0%| F|  |TS214|AC  0|TAMS 0x000000009bf00000, 0x000000009bf00000|
| 364|0x000000009c000000, 0x000000009c000000, 0x000000009c100000|  0%| F|  |TS214|AC  0|TAMS 0x000000009c000000, 0x000000009c000000|
| 365|0x000000009c100000, 0x000000009c100000, 0x000000009c200000|  0%| F|  |TS214|AC  0|TAMS 0x000000009c100000, 0x000000009c100000|
| 366|0x000000009c200000, 0x000000009c200000, 0x000000009c300000|  0%| F|  |TS214|AC  0|TAMS 0x000000009c200000, 0x000000009c200000|
| 367|0x000000009c300000, 0x000000009c300000, 0x000000009c400000|  0%| F|  |TS214|AC  0|TAMS 0x000000009c300000, 0x000000009c300000|
| 368|0x000000009c400000, 0x000000009c400000, 0x000000009c500000|  0%| F|  |TS214|AC  0|TAMS 0x000000009c400000, 0x000000009c400000|
| 369|0x000000009c500000, 0x000000009c500000, 0x000000009c600000|  0%| F|  |TS214|AC  0|TAMS 0x000000009c500000, 0x000000009c500000|
| 370|0x000000009c600000, 0x000000009c600000, 0x000000009c700000|  0%| F|  |TS214|AC  0|TAMS 0x000000009c600000, 0x000000009c600000|
| 371|0x000000009c700000, 0x000000009c700000, 0x000000009c800000|  0%| F|  |TS214|AC  0|TAMS 0x000000009c700000, 0x000000009c700000|
| 372|0x000000009c800000, 0x000000009c800000, 0x000000009c900000|  0%| F|  |TS214|AC  0|TAMS 0x000000009c800000, 0x000000009c800000|
| 373|0x000000009c900000, 0x000000009c900000, 0x000000009ca00000|  0%| F|  |TS214|AC  0|TAMS 0x000000009c900000, 0x000000009c900000|
| 374|0x000000009ca00000, 0x000000009ca00000, 0x000000009cb00000|  0%| F|  |TS214|AC  0|TAMS 0x000000009ca00000, 0x000000009ca00000|
| 375|0x000000009cb00000, 0x000000009cb00000, 0x000000009cc00000|  0%| F|  |TS214|AC  0|TAMS 0x000000009cb00000, 0x000000009cb00000|
| 376|0x000000009cc00000, 0x000000009cc00000, 0x000000009cd00000|  0%| F|  |TS214|AC  0|TAMS 0x000000009cc00000, 0x000000009cc00000|
| 377|0x000000009cd00000, 0x000000009cd00000, 0x000000009ce00000|  0%| F|  |TS214|AC  0|TAMS 0x000000009cd00000, 0x000000009cd00000|
| 378|0x000000009ce00000, 0x000000009ce00000, 0x000000009cf00000|  0%| F|  |TS214|AC  0|TAMS 0x000000009ce00000, 0x000000009ce00000|
| 379|0x000000009cf00000, 0x000000009cf00000, 0x000000009d000000|  0%| F|  |TS214|AC  0|TAMS 0x000000009cf00000, 0x000000009cf00000|
| 380|0x000000009d000000, 0x000000009d000000, 0x000000009d100000|  0%| F|  |TS214|AC  0|TAMS 0x000000009d000000, 0x000000009d000000|
| 381|0x000000009d100000, 0x000000009d100000, 0x000000009d200000|  0%| F|  |TS214|AC  0|TAMS 0x000000009d100000, 0x000000009d100000|
| 382|0x000000009d200000, 0x000000009d200000, 0x000000009d300000|  0%| F|  |TS214|AC  0|TAMS 0x000000009d200000, 0x000000009d200000|
| 383|0x000000009d300000, 0x000000009d300000, 0x000000009d400000|  0%| F|  |TS214|AC  0|TAMS 0x000000009d300000, 0x000000009d300000|
| 384|0x000000009d400000, 0x000000009d400000, 0x000000009d500000|  0%| F|  |TS214|AC  0|TAMS 0x000000009d400000, 0x000000009d400000|
| 385|0x000000009d500000, 0x000000009d500000, 0x000000009d600000|  0%| F|  |TS214|AC  0|TAMS 0x000000009d500000, 0x000000009d500000|
| 386|0x000000009d600000, 0x000000009d600000, 0x000000009d700000|  0%| F|  |TS214|AC  0|TAMS 0x000000009d600000, 0x000000009d600000|
| 387|0x000000009d700000, 0x000000009d700000, 0x000000009d800000|  0%| F|  |TS214|AC  0|TAMS 0x000000009d700000, 0x000000009d700000|
| 388|0x000000009d800000, 0x000000009d800000, 0x000000009d900000|  0%| F|  |TS214|AC  0|TAMS 0x000000009d800000, 0x000000009d800000|
| 389|0x000000009d900000, 0x000000009d900000, 0x000000009da00000|  0%| F|  |TS214|AC  0|TAMS 0x000000009d900000, 0x000000009d900000|
| 390|0x000000009da00000, 0x000000009da00000, 0x000000009db00000|  0%| F|  |TS214|AC  0|TAMS 0x000000009da00000, 0x000000009da00000|
| 391|0x000000009db00000, 0x000000009db00000, 0x000000009dc00000|  0%| F|  |TS214|AC  0|TAMS 0x000000009db00000, 0x000000009db00000|
| 392|0x000000009dc00000, 0x000000009dc00000, 0x000000009dd00000|  0%| F|  |TS214|AC  0|TAMS 0x000000009dc00000, 0x000000009dc00000|
| 393|0x000000009dd00000, 0x000000009dd00000, 0x000000009de00000|  0%| F|  |TS214|AC  0|TAMS 0x000000009dd00000, 0x000000009dd00000|
| 394|0x000000009de00000, 0x000000009de00000, 0x000000009df00000|  0%| F|  |TS214|AC  0|TAMS 0x000000009de00000, 0x000000009de00000|
| 395|0x000000009df00000, 0x000000009df00000, 0x000000009e000000|  0%| F|  |TS214|AC  0|TAMS 0x000000009df00000, 0x000000009df00000|
| 396|0x000000009e000000, 0x000000009e000000, 0x000000009e100000|  0%| F|  |TS214|AC  0|TAMS 0x000000009e000000, 0x000000009e000000|
| 397|0x000000009e100000, 0x000000009e100000, 0x000000009e200000|  0%| F|  |TS214|AC  0|TAMS 0x000000009e100000, 0x000000009e100000|
| 398|0x000000009e200000, 0x000000009e200000, 0x000000009e300000|  0%| F|  |TS214|AC  0|TAMS 0x000000009e200000, 0x000000009e200000|
| 399|0x000000009e300000, 0x000000009e300000, 0x000000009e400000|  0%| F|  |TS214|AC  0|TAMS 0x000000009e300000, 0x000000009e300000|
| 400|0x000000009e400000, 0x000000009e400000, 0x000000009e500000|  0%| F|  |TS214|AC  0|TAMS 0x000000009e400000, 0x000000009e400000|
| 401|0x000000009e500000, 0x000000009e500000, 0x000000009e600000|  0%| F|  |TS214|AC  0|TAMS 0x000000009e500000, 0x000000009e500000|
| 402|0x000000009e600000, 0x000000009e600000, 0x000000009e700000|  0%| F|  |TS214|AC  0|TAMS 0x000000009e600000, 0x000000009e600000|
| 403|0x000000009e700000, 0x000000009e700000, 0x000000009e800000|  0%| F|  |TS214|AC  0|TAMS 0x000000009e700000, 0x000000009e700000|
| 404|0x000000009e800000, 0x000000009e800000, 0x000000009e900000|  0%| F|  |TS214|AC  0|TAMS 0x000000009e800000, 0x000000009e800000|
| 405|0x000000009e900000, 0x000000009e900000, 0x000000009ea00000|  0%| F|  |TS214|AC  0|TAMS 0x000000009e900000, 0x000000009e900000|
| 406|0x000000009ea00000, 0x000000009ea00000, 0x000000009eb00000|  0%| F|  |TS214|AC  0|TAMS 0x000000009ea00000, 0x000000009ea00000|
| 407|0x000000009eb00000, 0x000000009eb00000, 0x000000009ec00000|  0%| F|  |TS214|AC  0|TAMS 0x000000009eb00000, 0x000000009eb00000|
| 408|0x000000009ec00000, 0x000000009ec00000, 0x000000009ed00000|  0%| F|  |TS214|AC  0|TAMS 0x000000009ec00000, 0x000000009ec00000|
| 409|0x000000009ed00000, 0x000000009ed00000, 0x000000009ee00000|  0%| F|  |TS214|AC  0|TAMS 0x000000009ed00000, 0x000000009ed00000|
| 410|0x000000009ee00000, 0x000000009ee00000, 0x000000009ef00000|  0%| F|  |TS214|AC  0|TAMS 0x000000009ee00000, 0x000000009ee00000|
| 411|0x000000009ef00000, 0x000000009ef00000, 0x000000009f000000|  0%| F|  |TS214|AC  0|TAMS 0x000000009ef00000, 0x000000009ef00000|
| 412|0x000000009f000000, 0x000000009f000000, 0x000000009f100000|  0%| F|  |TS214|AC  0|TAMS 0x000000009f000000, 0x000000009f000000|
| 413|0x000000009f100000, 0x000000009f100000, 0x000000009f200000|  0%| F|  |TS214|AC  0|TAMS 0x000000009f100000, 0x000000009f100000|
| 414|0x000000009f200000, 0x000000009f200000, 0x000000009f300000|  0%| F|  |TS214|AC  0|TAMS 0x000000009f200000, 0x000000009f200000|
| 415|0x000000009f300000, 0x000000009f300000, 0x000000009f400000|  0%| F|  |TS214|AC  0|TAMS 0x000000009f300000, 0x000000009f300000|
| 416|0x000000009f400000, 0x000000009f400000, 0x000000009f500000|  0%| F|  |TS214|AC  0|TAMS 0x000000009f400000, 0x000000009f400000|
| 417|0x000000009f500000, 0x000000009f500000, 0x000000009f600000|  0%| F|  |TS214|AC  0|TAMS 0x000000009f500000, 0x000000009f500000|
| 418|0x000000009f600000, 0x000000009f600000, 0x000000009f700000|  0%| F|  |TS214|AC  0|TAMS 0x000000009f600000, 0x000000009f600000|
| 419|0x000000009f700000, 0x000000009f700000, 0x000000009f800000|  0%| F|  |TS214|AC  0|TAMS 0x000000009f700000, 0x000000009f700000|
| 420|0x000000009f800000, 0x000000009f800000, 0x000000009f900000|  0%| F|  |TS214|AC  0|TAMS 0x000000009f800000, 0x000000009f800000|
| 421|0x000000009f900000, 0x000000009f900000, 0x000000009fa00000|  0%| F|  |TS214|AC  0|TAMS 0x000000009f900000, 0x000000009f900000|
| 422|0x000000009fa00000, 0x000000009fa00000, 0x000000009fb00000|  0%| F|  |TS214|AC  0|TAMS 0x000000009fa00000, 0x000000009fa00000|
| 423|0x000000009fb00000, 0x000000009fb00000, 0x000000009fc00000|  0%| F|  |TS214|AC  0|TAMS 0x000000009fb00000, 0x000000009fb00000|
| 424|0x000000009fc00000, 0x000000009fc00000, 0x000000009fd00000|  0%| F|  |TS214|AC  0|TAMS 0x000000009fc00000, 0x000000009fc00000|
| 425|0x000000009fd00000, 0x000000009fd00000, 0x000000009fe00000|  0%| F|  |TS214|AC  0|TAMS 0x000000009fd00000, 0x000000009fd00000|
| 426|0x000000009fe00000, 0x000000009fe00000, 0x000000009ff00000|  0%| F|  |TS214|AC  0|TAMS 0x000000009fe00000, 0x000000009fe00000|
| 427|0x000000009ff00000, 0x000000009ff00000, 0x00000000a0000000|  0%| F|  |TS214|AC  0|TAMS 0x000000009ff00000, 0x000000009ff00000|
| 428|0x00000000a0000000, 0x00000000a0000000, 0x00000000a0100000|  0%| F|  |TS214|AC  0|TAMS 0x00000000a0000000, 0x00000000a0000000|
| 429|0x00000000a0100000, 0x00000000a0100000, 0x00000000a0200000|  0%| F|  |TS214|AC  0|TAMS 0x00000000a0100000, 0x00000000a0100000|
| 430|0x00000000a0200000, 0x00000000a0200000, 0x00000000a0300000|  0%| F|  |TS214|AC  0|TAMS 0x00000000a0200000, 0x00000000a0200000|
| 431|0x00000000a0300000, 0x00000000a0300000, 0x00000000a0400000|  0%| F|  |TS214|AC  0|TAMS 0x00000000a0300000, 0x00000000a0300000|
| 432|0x00000000a0400000, 0x00000000a0400000, 0x00000000a0500000|  0%| F|  |TS214|AC  0|TAMS 0x00000000a0400000, 0x00000000a0400000|
| 433|0x00000000a0500000, 0x00000000a0500000, 0x00000000a0600000|  0%| F|  |TS214|AC  0|TAMS 0x00000000a0500000, 0x00000000a0500000|
| 434|0x00000000a0600000, 0x00000000a0600000, 0x00000000a0700000|  0%| F|  |TS214|AC  0|TAMS 0x00000000a0600000, 0x00000000a0600000|
| 435|0x00000000a0700000, 0x00000000a0700000, 0x00000000a0800000|  0%| F|  |TS214|AC  0|TAMS 0x00000000a0700000, 0x00000000a0700000|
| 436|0x00000000a0800000, 0x00000000a0800000, 0x00000000a0900000|  0%| F|  |TS214|AC  0|TAMS 0x00000000a0800000, 0x00000000a0800000|
| 437|0x00000000a0900000, 0x00000000a0900000, 0x00000000a0a00000|  0%| F|  |TS214|AC  0|TAMS 0x00000000a0900000, 0x00000000a0900000|
| 438|0x00000000a0a00000, 0x00000000a0a00000, 0x00000000a0b00000|  0%| F|  |TS214|AC  0|TAMS 0x00000000a0a00000, 0x00000000a0a00000|
| 439|0x00000000a0b00000, 0x00000000a0b00000, 0x00000000a0c00000|  0%| F|  |TS214|AC  0|TAMS 0x00000000a0b00000, 0x00000000a0b00000|
| 440|0x00000000a0c00000, 0x00000000a0c00000, 0x00000000a0d00000|  0%| F|  |TS214|AC  0|TAMS 0x00000000a0c00000, 0x00000000a0c00000|
| 441|0x00000000a0d00000, 0x00000000a0d00000, 0x00000000a0e00000|  0%| F|  |TS214|AC  0|TAMS 0x00000000a0d00000, 0x00000000a0d00000|
| 442|0x00000000a0e00000, 0x00000000a0e00000, 0x00000000a0f00000|  0%| F|  |TS214|AC  0|TAMS 0x00000000a0e00000, 0x00000000a0e00000|
| 443|0x00000000a0f00000, 0x00000000a0f00000, 0x00000000a1000000|  0%| F|  |TS214|AC  0|TAMS 0x00000000a0f00000, 0x00000000a0f00000|
| 444|0x00000000a1000000, 0x00000000a1000000, 0x00000000a1100000|  0%| F|  |TS214|AC  0|TAMS 0x00000000a1000000, 0x00000000a1000000|
| 445|0x00000000a1100000, 0x00000000a1100000, 0x00000000a1200000|  0%| F|  |TS214|AC  0|TAMS 0x00000000a1100000, 0x00000000a1100000|
| 446|0x00000000a1200000, 0x00000000a1200000, 0x00000000a1300000|  0%| F|  |TS214|AC  0|TAMS 0x00000000a1200000, 0x00000000a1200000|
| 447|0x00000000a1300000, 0x00000000a1300000, 0x00000000a1400000|  0%| F|  |TS214|AC  0|TAMS 0x00000000a1300000, 0x00000000a1300000|
| 448|0x00000000a1400000, 0x00000000a1400000, 0x00000000a1500000|  0%| F|  |TS214|AC  0|TAMS 0x00000000a1400000, 0x00000000a1400000|
| 449|0x00000000a1500000, 0x00000000a1500000, 0x00000000a1600000|  0%| F|  |TS214|AC  0|TAMS 0x00000000a1500000, 0x00000000a1500000|
| 450|0x00000000a1600000, 0x00000000a1600000, 0x00000000a1700000|  0%| F|  |TS214|AC  0|TAMS 0x00000000a1600000, 0x00000000a1600000|
| 451|0x00000000a1700000, 0x00000000a1700000, 0x00000000a1800000|  0%| F|  |TS214|AC  0|TAMS 0x00000000a1700000, 0x00000000a1700000|
| 452|0x00000000a1800000, 0x00000000a1800000, 0x00000000a1900000|  0%| F|  |TS214|AC  0|TAMS 0x00000000a1800000, 0x00000000a1800000|
| 453|0x00000000a1900000, 0x00000000a1900000, 0x00000000a1a00000|  0%| F|  |TS214|AC  0|TAMS 0x00000000a1900000, 0x00000000a1900000|
| 454|0x00000000a1a00000, 0x00000000a1a00000, 0x00000000a1b00000|  0%| F|  |TS214|AC  0|TAMS 0x00000000a1a00000, 0x00000000a1a00000|
| 455|0x00000000a1b00000, 0x00000000a1b00000, 0x00000000a1c00000|  0%| F|  |TS214|AC  0|TAMS 0x00000000a1b00000, 0x00000000a1b00000|
| 456|0x00000000a1c00000, 0x00000000a1c00000, 0x00000000a1d00000|  0%| F|  |TS214|AC  0|TAMS 0x00000000a1c00000, 0x00000000a1c00000|
| 457|0x00000000a1d00000, 0x00000000a1d00000, 0x00000000a1e00000|  0%| F|  |TS214|AC  0|TAMS 0x00000000a1d00000, 0x00000000a1d00000|
| 458|0x00000000a1e00000, 0x00000000a1e00000, 0x00000000a1f00000|  0%| F|  |TS214|AC  0|TAMS 0x00000000a1e00000, 0x00000000a1e00000|
| 459|0x00000000a1f00000, 0x00000000a1f00000, 0x00000000a2000000|  0%| F|  |TS214|AC  0|TAMS 0x00000000a1f00000, 0x00000000a1f00000|
| 460|0x00000000a2000000, 0x00000000a2000000, 0x00000000a2100000|  0%| F|  |TS214|AC  0|TAMS 0x00000000a2000000, 0x00000000a2000000|
| 461|0x00000000a2100000, 0x00000000a2100000, 0x00000000a2200000|  0%| F|  |TS214|AC  0|TAMS 0x00000000a2100000, 0x00000000a2100000|

Card table byte_map: [0x00007fa179523000,0x00007fa1798f9000] byte_map_base: 0x00007fa1790f9000

Marking Bits (Prev, Next): (CMBitMap*) 0x00007fa194057370, (CMBitMap*) 0x00007fa1940573a8
 Prev Bits: [0x00007fa16a150000, 0x00007fa16c000000)
 Next Bits: [0x00007fa1682a0000, 0x00007fa16a150000)

Polling page: 0x00007fa19b156000

CodeHeap 'non-profiled nmethods': size=120032Kb used=60Kb max_used=60Kb free=119971Kb
 bounds [0x00007fa182179000, 0x00007fa1823e9000, 0x00007fa1896b1000]
CodeHeap 'profiled nmethods': size=120032Kb used=253Kb max_used=253Kb free=119778Kb
 bounds [0x00007fa17ac41000, 0x00007fa17aeb1000, 0x00007fa182179000]
CodeHeap 'non-nmethods': size=5696Kb used=984Kb max_used=1002Kb free=4711Kb
 bounds [0x00007fa17a6b1000, 0x00007fa17a921000, 0x00007fa17ac41000]
 total_blobs=510 nmethods=156 adapters=171
 compilation: enabled

Compilation events (10 events):
Event: 1,078 Thread 0x00007fa194149000  152       4       java.lang.AbstractStringBuilder::append (33 bytes)
Event: 1,086 Thread 0x00007fa194149000 nmethod 152 0x00007fa182186290 code [0x00007fa182186440, 0x00007fa182186778]
Event: 1,086 Thread 0x00007fa19414b000  153       4       java.lang.StringBuilder::append (8 bytes)
Event: 1,104 Thread 0x00007fa194149000  154       4       jdk.internal.math.FloatingDecimal$BinaryToASCIIBuffer::appendTo (72 bytes)
Event: 1,116 Thread 0x00007fa19414b000 nmethod 153 0x00007fa182186a10 code [0x00007fa182186be0, 0x00007fa1821871f8]
Event: 1,123 Thread 0x00007fa194149000 nmethod 154 0x00007fa182187990 code [0x00007fa182187b40, 0x00007fa182187e88]
Event: 25,944 Thread 0x00007fa19414d000  155 %     3       MyPolynomial::add @ 191 (300 bytes)
Event: 31,183 Thread 0x00007fa19414d000 nmethod 155% 0x00007fa17ac76c10 code [0x00007fa17ac77240, 0x00007fa17ac7a5f8]
Event: 31,701 Thread 0x00007fa19414d000  156       3       MyPolynomial::add (300 bytes)
Event: 31,956 Thread 0x00007fa19414d000 nmethod 156 0x00007fa17ac7ba10 code [0x00007fa17ac7c040, 0x00007fa17ac7f2f8]

GC Heap History (10 events):
Event: 52,037 GC heap after
{Heap after GC invocations=209 (full 0):
 garbage-first heap   total 473088K, used 1080K [0x0000000085400000, 0x0000000100000000)
  region size 1024K, 1 young (1024K), 1 survivors (1024K)
 Metaspace       used 3904K, capacity 4490K, committed 4864K, reserved 1056768K
  class space    used 324K, capacity 386K, committed 512K, reserved 1048576K
}
Event: 52,081 GC heap before
{Heap before GC invocations=209 (full 0):
 garbage-first heap   total 473088K, used 283704K [0x0000000085400000, 0x0000000100000000)
  region size 1024K, 277 young (283648K), 1 survivors (1024K)
 Metaspace       used 3904K, capacity 4490K, committed 4864K, reserved 1056768K
  class space    used 324K, capacity 386K, committed 512K, reserved 1048576K
}
Event: 52,082 GC heap after
{Heap after GC invocations=210 (full 0):
 garbage-first heap   total 473088K, used 1082K [0x0000000085400000, 0x0000000100000000)
  region size 1024K, 1 young (1024K), 1 survivors (1024K)
 Metaspace       used 3904K, capacity 4490K, committed 4864K, reserved 1056768K
  class space    used 324K, capacity 386K, committed 512K, reserved 1048576K
}
Event: 52,126 GC heap before
{Heap before GC invocations=210 (full 0):
 garbage-first heap   total 473088K, used 283706K [0x0000000085400000, 0x0000000100000000)
  region size 1024K, 277 young (283648K), 1 survivors (1024K)
 Metaspace       used 3904K, capacity 4490K, committed 4864K, reserved 1056768K
  class space    used 324K, capacity 386K, committed 512K, reserved 1048576K
}
Event: 52,128 GC heap after
{Heap after GC invocations=211 (full 0):
 garbage-first heap   total 473088K, used 1083K [0x0000000085400000, 0x0000000100000000)
  region size 1024K, 1 young (1024K), 1 survivors (1024K)
 Metaspace       used 3904K, capacity 4490K, committed 4864K, reserved 1056768K
  class space    used 324K, capacity 386K, committed 512K, reserved 1048576K
}
Event: 52,180 GC heap before
{Heap before GC invocations=211 (full 0):
 garbage-first heap   total 473088K, used 283707K [0x0000000085400000, 0x0000000100000000)
  region size 1024K, 277 young (283648K), 1 survivors (1024K)
 Metaspace       used 3904K, capacity 4490K, committed 4864K, reserved 1056768K
  class space    used 324K, capacity 386K, committed 512K, reserved 1048576K
}
Event: 52,182 GC heap after
{Heap after GC invocations=212 (full 0):
 garbage-first heap   total 473088K, used 1084K [0x0000000085400000, 0x0000000100000000)
  region size 1024K, 1 young (1024K), 1 survivors (1024K)
 Metaspace       used 3904K, capacity 4490K, committed 4864K, reserved 1056768K
  class space    used 324K, capacity 386K, committed 512K, reserved 1048576K
}
Event: 52,238 GC heap before
{Heap before GC invocations=212 (full 0):
 garbage-first heap   total 473088K, used 283708K [0x0000000085400000, 0x0000000100000000)
  region size 1024K, 277 young (283648K), 1 survivors (1024K)
 Metaspace       used 3904K, capacity 4490K, committed 4864K, reserved 1056768K
  class space    used 324K, capacity 386K, committed 512K, reserved 1048576K
}
Event: 52,240 GC heap after
{Heap after GC invocations=213 (full 0):
 garbage-first heap   total 473088K, used 1086K [0x0000000085400000, 0x0000000100000000)
  region size 1024K, 1 young (1024K), 1 survivors (1024K)
 Metaspace       used 3904K, capacity 4490K, committed 4864K, reserved 1056768K
  class space    used 324K, capacity 386K, committed 512K, reserved 1048576K
}
Event: 52,290 GC heap before
{Heap before GC invocations=213 (full 0):
 garbage-first heap   total 473088K, used 283710K [0x0000000085400000, 0x0000000100000000)
  region size 1024K, 277 young (283648K), 1 survivors (1024K)
 Metaspace       used 3904K, capacity 4490K, committed 4864K, reserved 1056768K
  class space    used 324K, capacity 386K, committed 512K, reserved 1048576K
}

Deoptimization events (1 events):
Event: 0,545 Thread 0x00007fa194013800 Uncommon trap: reason=unstable_if action=reinterpret pc=0x00007fa18217d7e8 method=java.lang.String.hashCode()I @ 14 c2

Classes redefined (0 events):
No events

Internal exceptions (0 events):
No events

Events (10 events):
Event: 52,037 Executing VM operation: G1IncCollectionPause done
Event: 52,081 Executing VM operation: G1IncCollectionPause
Event: 52,082 Executing VM operation: G1IncCollectionPause done
Event: 52,126 Executing VM operation: G1IncCollectionPause
Event: 52,128 Executing VM operation: G1IncCollectionPause done
Event: 52,180 Executing VM operation: G1IncCollectionPause
Event: 52,182 Executing VM operation: G1IncCollectionPause done
Event: 52,238 Executing VM operation: G1IncCollectionPause
Event: 52,240 Executing VM operation: G1IncCollectionPause done
Event: 52,290 Executing VM operation: G1IncCollectionPause


Dynamic libraries:
85400000-a2200000 rw-p 00000000 00:00 0 
b4f00000-100000000 ---p 00000000 00:00 0 
100000000-100080000 rw-p 00000000 00:00 0 
100080000-140000000 ---p 00000000 00:00 0 
560f0acc5000-560f0acc6000 r-xp 00000000 08:01 1570658                    /usr/lib/jvm/java-11-openjdk-amd64/bin/java
560f0aec6000-560f0aec7000 r--p 00001000 08:01 1570658                    /usr/lib/jvm/java-11-openjdk-amd64/bin/java
560f0aec7000-560f0aec8000 rw-p 00002000 08:01 1570658                    /usr/lib/jvm/java-11-openjdk-amd64/bin/java
560f0c68b000-560f0c6ac000 rw-p 00000000 00:00 0                          [heap]
7fa114000000-7fa114021000 rw-p 00000000 00:00 0 
7fa114021000-7fa118000000 ---p 00000000 00:00 0 
7fa11c000000-7fa11c021000 rw-p 00000000 00:00 0 
7fa11c021000-7fa120000000 ---p 00000000 00:00 0 
7fa120000000-7fa120021000 rw-p 00000000 00:00 0 
7fa120021000-7fa124000000 ---p 00000000 00:00 0 
7fa124000000-7fa124180000 rw-p 00000000 00:00 0 
7fa124180000-7fa128000000 ---p 00000000 00:00 0 
7fa128000000-7fa128021000 rw-p 00000000 00:00 0 
7fa128021000-7fa12c000000 ---p 00000000 00:00 0 
7fa12c000000-7fa12c0da000 rw-p 00000000 00:00 0 
7fa12c0da000-7fa130000000 ---p 00000000 00:00 0 
7fa130000000-7fa130031000 rw-p 00000000 00:00 0 
7fa130031000-7fa134000000 ---p 00000000 00:00 0 
7fa134000000-7fa134021000 rw-p 00000000 00:00 0 
7fa134021000-7fa138000000 ---p 00000000 00:00 0 
7fa138000000-7fa138021000 rw-p 00000000 00:00 0 
7fa138021000-7fa13c000000 ---p 00000000 00:00 0 
7fa13c000000-7fa13c12a000 rw-p 00000000 00:00 0 
7fa13c12a000-7fa140000000 ---p 00000000 00:00 0 
7fa140000000-7fa140021000 rw-p 00000000 00:00 0 
7fa140021000-7fa144000000 ---p 00000000 00:00 0 
7fa144000000-7fa144021000 rw-p 00000000 00:00 0 
7fa144021000-7fa148000000 ---p 00000000 00:00 0 
7fa148000000-7fa148021000 rw-p 00000000 00:00 0 
7fa148021000-7fa14c000000 ---p 00000000 00:00 0 
7fa14c000000-7fa14c021000 rw-p 00000000 00:00 0 
7fa14c021000-7fa150000000 ---p 00000000 00:00 0 
7fa150000000-7fa150021000 rw-p 00000000 00:00 0 
7fa150021000-7fa154000000 ---p 00000000 00:00 0 
7fa154000000-7fa154021000 rw-p 00000000 00:00 0 
7fa154021000-7fa158000000 ---p 00000000 00:00 0 
7fa158000000-7fa158021000 rw-p 00000000 00:00 0 
7fa158021000-7fa15c000000 ---p 00000000 00:00 0 
7fa15c4cd000-7fa15c4e4000 r-xp 00000000 08:01 1570912                    /usr/lib/jvm/java-11-openjdk-amd64/lib/libnet.so
7fa15c4e4000-7fa15c6e3000 ---p 00017000 08:01 1570912                    /usr/lib/jvm/java-11-openjdk-amd64/lib/libnet.so
7fa15c6e3000-7fa15c6e4000 r--p 00016000 08:01 1570912                    /usr/lib/jvm/java-11-openjdk-amd64/lib/libnet.so
7fa15c6e4000-7fa15c6e5000 rw-p 00017000 08:01 1570912                    /usr/lib/jvm/java-11-openjdk-amd64/lib/libnet.so
7fa15c6e5000-7fa15c6f6000 r-xp 00000000 08:01 1570914                    /usr/lib/jvm/java-11-openjdk-amd64/lib/libnio.so
7fa15c6f6000-7fa15c8f5000 ---p 00011000 08:01 1570914                    /usr/lib/jvm/java-11-openjdk-amd64/lib/libnio.so
7fa15c8f5000-7fa15c8f6000 r--p 00010000 08:01 1570914                    /usr/lib/jvm/java-11-openjdk-amd64/lib/libnio.so
7fa15c8f6000-7fa15c8f7000 rw-p 00011000 08:01 1570914                    /usr/lib/jvm/java-11-openjdk-amd64/lib/libnio.so
7fa15c8f7000-7fa15c8fb000 ---p 00000000 00:00 0 
7fa15c8fb000-7fa15c9f8000 rw-p 00000000 00:00 0 
7fa15c9f8000-7fa15c9f9000 ---p 00000000 00:00 0 
7fa15c9f9000-7fa15cafa000 rw-p 00000000 00:00 0 
7fa15cafa000-7fa15cafe000 ---p 00000000 00:00 0 
7fa15cafe000-7fa15cbfb000 rw-p 00000000 00:00 0 
7fa15cbfb000-7fa15cbff000 ---p 00000000 00:00 0 
7fa15cbff000-7fa15ccfc000 rw-p 00000000 00:00 0 
7fa15ccfc000-7fa15d800000 r--p 00000000 08:01 530236                     /usr/lib/locale/locale-archive
7fa15d800000-7fa15dc40000 rw-p 00000000 00:00 0 
7fa15dc40000-7fa15e000000 ---p 00000000 00:00 0 
7fa15e000000-7fa160000000 rw-p 00000000 00:00 0 
7fa160000000-7fa160021000 rw-p 00000000 00:00 0 
7fa160021000-7fa164000000 ---p 00000000 00:00 0 
7fa164000000-7fa164021000 rw-p 00000000 00:00 0 
7fa164021000-7fa168000000 ---p 00000000 00:00 0 
7fa16809e000-7fa1680a2000 ---p 00000000 00:00 0 
7fa1680a2000-7fa16819f000 rw-p 00000000 00:00 0 
7fa16819f000-7fa1681a3000 ---p 00000000 00:00 0 
7fa1681a3000-7fa1689d8000 rw-p 00000000 00:00 0 
7fa1689d8000-7fa16a150000 ---p 00000000 00:00 0 
7fa16a150000-7fa16a888000 rw-p 00000000 00:00 0 
7fa16a888000-7fa16c000000 ---p 00000000 00:00 0 
7fa16c000000-7fa16c021000 rw-p 00000000 00:00 0 
7fa16c021000-7fa170000000 ---p 00000000 00:00 0 
7fa170000000-7fa170021000 rw-p 00000000 00:00 0 
7fa170021000-7fa174000000 ---p 00000000 00:00 0 
7fa174000000-7fa174021000 rw-p 00000000 00:00 0 
7fa174021000-7fa178000000 ---p 00000000 00:00 0 
7fa17808e000-7fa1780bf000 rw-p 00000000 00:00 0 
7fa1780bf000-7fa1780c3000 ---p 00000000 00:00 0 
7fa1780c3000-7fa1781c0000 rw-p 00000000 00:00 0 
7fa1781c0000-7fa1781c4000 ---p 00000000 00:00 0 
7fa1781c4000-7fa1782c1000 rw-p 00000000 00:00 0 
7fa1782c1000-7fa1782c5000 ---p 00000000 00:00 0 
7fa1782c5000-7fa1783c2000 rw-p 00000000 00:00 0 
7fa1783c2000-7fa1783c6000 ---p 00000000 00:00 0 
7fa1783c6000-7fa1784c3000 rw-p 00000000 00:00 0 
7fa1784c3000-7fa1784c4000 ---p 00000000 00:00 0 
7fa1784c4000-7fa17863b000 rw-p 00000000 00:00 0 
7fa17863b000-7fa17863c000 ---p 00000000 00:00 0 
7fa17863c000-7fa17873d000 rw-p 00000000 00:00 0 
7fa17873d000-7fa17873e000 ---p 00000000 00:00 0 
7fa17873e000-7fa17883f000 rw-p 00000000 00:00 0 
7fa17883f000-7fa178840000 ---p 00000000 00:00 0 
7fa178840000-7fa178941000 rw-p 00000000 00:00 0 
7fa178941000-7fa178942000 ---p 00000000 00:00 0 
7fa178942000-7fa178a43000 rw-p 00000000 00:00 0 
7fa178a43000-7fa178a44000 ---p 00000000 00:00 0 
7fa178a44000-7fa178f49000 rw-p 00000000 00:00 0 
7fa178f49000-7fa178f4a000 ---p 00000000 00:00 0 
7fa178f4a000-7fa17904b000 rw-p 00000000 00:00 0 
7fa17904b000-7fa17904c000 ---p 00000000 00:00 0 
7fa17904c000-7fa179234000 rw-p 00000000 00:00 0 
7fa179234000-7fa179523000 ---p 00000000 00:00 0 
7fa179523000-7fa17960a000 rw-p 00000000 00:00 0 
7fa17960a000-7fa1798f9000 ---p 00000000 00:00 0 
7fa1798f9000-7fa1799e0000 rw-p 00000000 00:00 0 
7fa1799e0000-7fa179ccf000 ---p 00000000 00:00 0 
7fa179ccf000-7fa17a0d3000 rw-p 00000000 00:00 0 
7fa17a0d3000-7fa17a0d4000 ---p 00000000 00:00 0 
7fa17a0d4000-7fa17a1d5000 rw-p 00000000 00:00 0 
7fa17a1d5000-7fa17a1d6000 ---p 00000000 00:00 0 
7fa17a1d6000-7fa17a2d7000 rw-p 00000000 00:00 0 
7fa17a2d7000-7fa17a2d8000 ---p 00000000 00:00 0 
7fa17a2d8000-7fa17a3d9000 rw-p 00000000 00:00 0 
7fa17a3d9000-7fa17a3da000 ---p 00000000 00:00 0 
7fa17a3da000-7fa17a4e0000 rw-p 00000000 00:00 0 
7fa17a4e0000-7fa17a5c6000 ---p 00000000 00:00 0 
7fa17a5c6000-7fa17a5cb000 rw-p 00000000 00:00 0 
7fa17a5cb000-7fa17a6b1000 ---p 00000000 00:00 0 
7fa17a6b1000-7fa17a921000 rwxp 00000000 00:00 0 
7fa17a921000-7fa17ac41000 ---p 00000000 00:00 0 
7fa17ac41000-7fa17aeb1000 rwxp 00000000 00:00 0 
7fa17aeb1000-7fa182179000 ---p 00000000 00:00 0 
7fa182179000-7fa1823e9000 rwxp 00000000 00:00 0 
7fa1823e9000-7fa1896b1000 ---p 00000000 00:00 0 
7fa1896b1000-7fa192b8c000 r--s 00000000 08:01 1570932                    /usr/lib/jvm/java-11-openjdk-amd64/lib/modules
7fa192b8c000-7fa192b91000 r-xp 00000000 08:01 1570896                    /usr/lib/jvm/java-11-openjdk-amd64/lib/libjimage.so
7fa192b91000-7fa192d90000 ---p 00005000 08:01 1570896                    /usr/lib/jvm/java-11-openjdk-amd64/lib/libjimage.so
7fa192d90000-7fa192d91000 r--p 00004000 08:01 1570896                    /usr/lib/jvm/java-11-openjdk-amd64/lib/libjimage.so
7fa192d91000-7fa192d92000 rw-p 00005000 08:01 1570896                    /usr/lib/jvm/java-11-openjdk-amd64/lib/libjimage.so
7fa192d92000-7fa192d99000 r-xp 00000000 08:01 1570930                    /usr/lib/jvm/java-11-openjdk-amd64/lib/libzip.so
7fa192d99000-7fa192f98000 ---p 00007000 08:01 1570930                    /usr/lib/jvm/java-11-openjdk-amd64/lib/libzip.so
7fa192f98000-7fa192f99000 r--p 00006000 08:01 1570930                    /usr/lib/jvm/java-11-openjdk-amd64/lib/libzip.so
7fa192f99000-7fa192f9a000 rw-p 00007000 08:01 1570930                    /usr/lib/jvm/java-11-openjdk-amd64/lib/libzip.so
7fa192f9a000-7fa192fad000 r-xp 00000000 08:01 1444785                    /lib/x86_64-linux-gnu/libbsd.so.0.8.7
7fa192fad000-7fa1931ac000 ---p 00013000 08:01 1444785                    /lib/x86_64-linux-gnu/libbsd.so.0.8.7
7fa1931ac000-7fa1931ad000 r--p 00012000 08:01 1444785                    /lib/x86_64-linux-gnu/libbsd.so.0.8.7
7fa1931ad000-7fa1931ae000 rw-p 00013000 08:01 1444785                    /lib/x86_64-linux-gnu/libbsd.so.0.8.7
7fa1931ae000-7fa1931af000 rw-p 00000000 00:00 0 
7fa1931af000-7fa1931b0000 r-xp 00000000 08:01 791048                     /usr/lib/x86_64-linux-gnu/samba/libreplace.so.0
7fa1931b0000-7fa1933af000 ---p 00001000 08:01 791048                     /usr/lib/x86_64-linux-gnu/samba/libreplace.so.0
7fa1933af000-7fa1933b0000 r--p 00000000 08:01 791048                     /usr/lib/x86_64-linux-gnu/samba/libreplace.so.0
7fa1933b0000-7fa1933b1000 rw-p 00001000 08:01 791048                     /usr/lib/x86_64-linux-gnu/samba/libreplace.so.0
7fa1933b1000-7fa1933b3000 r-xp 00000000 08:01 791049                     /usr/lib/x86_64-linux-gnu/samba/libwinbind-client.so.0
7fa1933b3000-7fa1935b3000 ---p 00002000 08:01 791049                     /usr/lib/x86_64-linux-gnu/samba/libwinbind-client.so.0
7fa1935b3000-7fa1935b4000 r--p 00002000 08:01 791049                     /usr/lib/x86_64-linux-gnu/samba/libwinbind-client.so.0
7fa1935b4000-7fa1935b5000 rw-p 00003000 08:01 791049                     /usr/lib/x86_64-linux-gnu/samba/libwinbind-client.so.0
7fa1935b5000-7fa1935b8000 r-xp 00000000 08:01 1441264                    /lib/x86_64-linux-gnu/libnss_winbind.so.2
7fa1935b8000-7fa1937b7000 ---p 00003000 08:01 1441264                    /lib/x86_64-linux-gnu/libnss_winbind.so.2
7fa1937b7000-7fa1937b8000 r--p 00002000 08:01 1441264                    /lib/x86_64-linux-gnu/libnss_winbind.so.2
7fa1937b8000-7fa1937b9000 rw-p 00003000 08:01 1441264                    /lib/x86_64-linux-gnu/libnss_winbind.so.2
7fa1937b9000-7fa1937be000 rw-p 00000000 00:00 0 
7fa1937be000-7fa1937c9000 r-xp 00000000 08:01 1444879                    /lib/x86_64-linux-gnu/libnss_files-2.27.so
7fa1937c9000-7fa1939c8000 ---p 0000b000 08:01 1444879                    /lib/x86_64-linux-gnu/libnss_files-2.27.so
7fa1939c8000-7fa1939c9000 r--p 0000a000 08:01 1444879                    /lib/x86_64-linux-gnu/libnss_files-2.27.so
7fa1939c9000-7fa1939ca000 rw-p 0000b000 08:01 1444879                    /lib/x86_64-linux-gnu/libnss_files-2.27.so
7fa1939ca000-7fa1939d0000 rw-p 00000000 00:00 0 
7fa1939d0000-7fa1939e7000 r-xp 00000000 08:01 1444873                    /lib/x86_64-linux-gnu/libnsl-2.27.so
7fa1939e7000-7fa193be6000 ---p 00017000 08:01 1444873                    /lib/x86_64-linux-gnu/libnsl-2.27.so
7fa193be6000-7fa193be7000 r--p 00016000 08:01 1444873                    /lib/x86_64-linux-gnu/libnsl-2.27.so
7fa193be7000-7fa193be8000 rw-p 00017000 08:01 1444873                    /lib/x86_64-linux-gnu/libnsl-2.27.so
7fa193be8000-7fa193bea000 rw-p 00000000 00:00 0 
7fa193bea000-7fa193bf5000 r-xp 00000000 08:01 1444889                    /lib/x86_64-linux-gnu/libnss_nis-2.27.so
7fa193bf5000-7fa193df4000 ---p 0000b000 08:01 1444889                    /lib/x86_64-linux-gnu/libnss_nis-2.27.so
7fa193df4000-7fa193df5000 r--p 0000a000 08:01 1444889                    /lib/x86_64-linux-gnu/libnss_nis-2.27.so
7fa193df5000-7fa193df6000 rw-p 0000b000 08:01 1444889                    /lib/x86_64-linux-gnu/libnss_nis-2.27.so
7fa193df6000-7fa193dfe000 r-xp 00000000 08:01 1444875                    /lib/x86_64-linux-gnu/libnss_compat-2.27.so
7fa193dfe000-7fa193ffe000 ---p 00008000 08:01 1444875                    /lib/x86_64-linux-gnu/libnss_compat-2.27.so
7fa193ffe000-7fa193fff000 r--p 00008000 08:01 1444875                    /lib/x86_64-linux-gnu/libnss_compat-2.27.so
7fa193fff000-7fa194000000 rw-p 00009000 08:01 1444875                    /lib/x86_64-linux-gnu/libnss_compat-2.27.so
7fa194000000-7fa1941ce000 rw-p 00000000 00:00 0 
7fa1941ce000-7fa198000000 ---p 00000000 00:00 0 
7fa198004000-7fa198087000 rw-p 00000000 00:00 0 
7fa198087000-7fa1980b3000 r-xp 00000000 08:01 1570888                    /usr/lib/jvm/java-11-openjdk-amd64/lib/libjava.so
7fa1980b3000-7fa1982b2000 ---p 0002c000 08:01 1570888                    /usr/lib/jvm/java-11-openjdk-amd64/lib/libjava.so
7fa1982b2000-7fa1982b3000 r--p 0002b000 08:01 1570888                    /usr/lib/jvm/java-11-openjdk-amd64/lib/libjava.so
7fa1982b3000-7fa1982b5000 rw-p 0002c000 08:01 1570888                    /usr/lib/jvm/java-11-openjdk-amd64/lib/libjava.so
7fa1982b5000-7fa1982c2000 r-xp 00000000 08:01 1570928                    /usr/lib/jvm/java-11-openjdk-amd64/lib/libverify.so
7fa1982c2000-7fa1984c1000 ---p 0000d000 08:01 1570928                    /usr/lib/jvm/java-11-openjdk-amd64/lib/libverify.so
7fa1984c1000-7fa1984c3000 r--p 0000c000 08:01 1570928                    /usr/lib/jvm/java-11-openjdk-amd64/lib/libverify.so
7fa1984c3000-7fa1984c4000 rw-p 0000e000 08:01 1570928                    /usr/lib/jvm/java-11-openjdk-amd64/lib/libverify.so
7fa1984c4000-7fa1984cb000 r-xp 00000000 08:01 1444929                    /lib/x86_64-linux-gnu/librt-2.27.so
7fa1984cb000-7fa1986ca000 ---p 00007000 08:01 1444929                    /lib/x86_64-linux-gnu/librt-2.27.so
7fa1986ca000-7fa1986cb000 r--p 00006000 08:01 1444929                    /lib/x86_64-linux-gnu/librt-2.27.so
7fa1986cb000-7fa1986cc000 rw-p 00007000 08:01 1444929                    /lib/x86_64-linux-gnu/librt-2.27.so
7fa1986cc000-7fa1986e3000 r-xp 00000000 08:01 1444826                    /lib/x86_64-linux-gnu/libgcc_s.so.1
7fa1986e3000-7fa1988e2000 ---p 00017000 08:01 1444826                    /lib/x86_64-linux-gnu/libgcc_s.so.1
7fa1988e2000-7fa1988e3000 r--p 00016000 08:01 1444826                    /lib/x86_64-linux-gnu/libgcc_s.so.1
7fa1988e3000-7fa1988e4000 rw-p 00017000 08:01 1444826                    /lib/x86_64-linux-gnu/libgcc_s.so.1
7fa1988e4000-7fa198a81000 r-xp 00000000 08:01 1444852                    /lib/x86_64-linux-gnu/libm-2.27.so
7fa198a81000-7fa198c80000 ---p 0019d000 08:01 1444852                    /lib/x86_64-linux-gnu/libm-2.27.so
7fa198c80000-7fa198c81000 r--p 0019c000 08:01 1444852                    /lib/x86_64-linux-gnu/libm-2.27.so
7fa198c81000-7fa198c82000 rw-p 0019d000 08:01 1444852                    /lib/x86_64-linux-gnu/libm-2.27.so
7fa198c82000-7fa198e00000 r-xp 00000000 08:01 535133                     /usr/lib/x86_64-linux-gnu/libstdc++.so.6.0.25
7fa198e00000-7fa199000000 ---p 0017e000 08:01 535133                     /usr/lib/x86_64-linux-gnu/libstdc++.so.6.0.25
7fa199000000-7fa19900a000 r--p 0017e000 08:01 535133                     /usr/lib/x86_64-linux-gnu/libstdc++.so.6.0.25
7fa19900a000-7fa19900c000 rw-p 00188000 08:01 535133                     /usr/lib/x86_64-linux-gnu/libstdc++.so.6.0.25
7fa19900c000-7fa199010000 rw-p 00000000 00:00 0 
7fa199010000-7fa199fad000 r-xp 00000000 08:01 1570938                    /usr/lib/jvm/java-11-openjdk-amd64/lib/server/libjvm.so
7fa199fad000-7fa19a1ad000 ---p 00f9d000 08:01 1570938                    /usr/lib/jvm/java-11-openjdk-amd64/lib/server/libjvm.so
7fa19a1ad000-7fa19a271000 r--p 00f9d000 08:01 1570938                    /usr/lib/jvm/java-11-openjdk-amd64/lib/server/libjvm.so
7fa19a271000-7fa19a2a9000 rw-p 01061000 08:01 1570938                    /usr/lib/jvm/java-11-openjdk-amd64/lib/server/libjvm.so
7fa19a2a9000-7fa19a2f2000 rw-p 00000000 00:00 0 
7fa19a2f2000-7fa19a30c000 r-xp 00000000 08:01 1444921                    /lib/x86_64-linux-gnu/libpthread-2.27.so
7fa19a30c000-7fa19a50b000 ---p 0001a000 08:01 1444921                    /lib/x86_64-linux-gnu/libpthread-2.27.so
7fa19a50b000-7fa19a50c000 r--p 00019000 08:01 1444921                    /lib/x86_64-linux-gnu/libpthread-2.27.so
7fa19a50c000-7fa19a50d000 rw-p 0001a000 08:01 1444921                    /lib/x86_64-linux-gnu/libpthread-2.27.so
7fa19a50d000-7fa19a511000 rw-p 00000000 00:00 0 
7fa19a511000-7fa19a514000 r-xp 00000000 08:01 1444812                    /lib/x86_64-linux-gnu/libdl-2.27.so
7fa19a514000-7fa19a713000 ---p 00003000 08:01 1444812                    /lib/x86_64-linux-gnu/libdl-2.27.so
7fa19a713000-7fa19a714000 r--p 00002000 08:01 1444812                    /lib/x86_64-linux-gnu/libdl-2.27.so
7fa19a714000-7fa19a715000 rw-p 00003000 08:01 1444812                    /lib/x86_64-linux-gnu/libdl-2.27.so
7fa19a715000-7fa19a731000 r-xp 00000000 08:01 1444961                    /lib/x86_64-linux-gnu/libz.so.1.2.11
7fa19a731000-7fa19a930000 ---p 0001c000 08:01 1444961                    /lib/x86_64-linux-gnu/libz.so.1.2.11
7fa19a930000-7fa19a931000 r--p 0001b000 08:01 1444961                    /lib/x86_64-linux-gnu/libz.so.1.2.11
7fa19a931000-7fa19a932000 rw-p 0001c000 08:01 1444961                    /lib/x86_64-linux-gnu/libz.so.1.2.11
7fa19a932000-7fa19ab19000 r-xp 00000000 08:01 1444789                    /lib/x86_64-linux-gnu/libc-2.27.so
7fa19ab19000-7fa19ad19000 ---p 001e7000 08:01 1444789                    /lib/x86_64-linux-gnu/libc-2.27.so
7fa19ad19000-7fa19ad1d000 r--p 001e7000 08:01 1444789                    /lib/x86_64-linux-gnu/libc-2.27.so
7fa19ad1d000-7fa19ad1f000 rw-p 001eb000 08:01 1444789                    /lib/x86_64-linux-gnu/libc-2.27.so
7fa19ad1f000-7fa19ad23000 rw-p 00000000 00:00 0 
7fa19ad23000-7fa19ad32000 r-xp 00000000 08:01 1570856                    /usr/lib/jvm/java-11-openjdk-amd64/lib/jli/libjli.so
7fa19ad32000-7fa19af31000 ---p 0000f000 08:01 1570856                    /usr/lib/jvm/java-11-openjdk-amd64/lib/jli/libjli.so
7fa19af31000-7fa19af32000 r--p 0000e000 08:01 1570856                    /usr/lib/jvm/java-11-openjdk-amd64/lib/jli/libjli.so
7fa19af32000-7fa19af33000 rw-p 0000f000 08:01 1570856                    /usr/lib/jvm/java-11-openjdk-amd64/lib/jli/libjli.so
7fa19af33000-7fa19af5a000 r-xp 00000000 08:01 1444761                    /lib/x86_64-linux-gnu/ld-2.27.so
7fa19af75000-7fa19b032000 rw-p 00000000 00:00 0 
7fa19b032000-7fa19b036000 ---p 00000000 00:00 0 
7fa19b036000-7fa19b135000 rw-p 00000000 00:00 0 
7fa19b141000-7fa19b147000 rw-p 00000000 00:00 0 
7fa19b147000-7fa19b14e000 ---p 00000000 00:00 0 
7fa19b14e000-7fa19b156000 rw-s 00000000 08:06 8127155                    /home/tmp/hsperfdata_alu53791396p/8611
7fa19b156000-7fa19b157000 ---p 00000000 00:00 0 
7fa19b157000-7fa19b158000 r--p 00000000 00:00 0 
7fa19b158000-7fa19b15a000 rw-p 00000000 00:00 0 
7fa19b15a000-7fa19b15b000 r--p 00027000 08:01 1444761                    /lib/x86_64-linux-gnu/ld-2.27.so
7fa19b15b000-7fa19b15c000 rw-p 00028000 08:01 1444761                    /lib/x86_64-linux-gnu/ld-2.27.so
7fa19b15c000-7fa19b15d000 rw-p 00000000 00:00 0 
7ffc905e9000-7ffc9060a000 rw-p 00000000 00:00 0                          [stack]
7ffc9068a000-7ffc9068d000 r--p 00000000 00:00 0                          [vvar]
7ffc9068d000-7ffc9068f000 r-xp 00000000 00:00 0                          [vdso]
ffffffffff600000-ffffffffff601000 r-xp 00000000 00:00 0                  [vsyscall]


VM Arguments:
jvm_args: -Dfile.encoding=UTF-8 
java_command: TesterPolinomial
java_class_path (initial): /home/INFORMATICA/alu53791396p/Escriptori/eclipse-workspace/MyPolynomial/bin
Launcher Type: SUN_STANDARD

Logging:
Log output configuration:
#0: stdout all=warning uptime,level,tags
#1: stderr all=off uptime,level,tags

Environment Variables:
PATH=/usr/local/sbin:/usr/local/bin:/usr/sbin:/usr/bin:/sbin:/bin:/usr/games:/usr/local/games:/snap/bin
SHELL=/bin/bash
DISPLAY=:0

Signal Handlers:
SIGSEGV: [libjvm.so+0xd28b70], sa_mask[0]=11111111011111111101111111111110, sa_flags=SA_RESTART|SA_SIGINFO
SIGBUS: [libjvm.so+0xd28b70], sa_mask[0]=11111111011111111101111111111110, sa_flags=SA_RESTART|SA_SIGINFO
SIGFPE: [libjvm.so+0xd28b70], sa_mask[0]=11111111011111111101111111111110, sa_flags=SA_RESTART|SA_SIGINFO
SIGPIPE: [libjvm.so+0xb2a1f0], sa_mask[0]=11111111011111111101111111111110, sa_flags=SA_RESTART|SA_SIGINFO
SIGXFSZ: [libjvm.so+0xb2a1f0], sa_mask[0]=11111111011111111101111111111110, sa_flags=SA_RESTART|SA_SIGINFO
SIGILL: [libjvm.so+0xd28b70], sa_mask[0]=11111111011111111101111111111110, sa_flags=SA_RESTART|SA_SIGINFO
SIGUSR2: [libjvm.so+0xb2a030], sa_mask[0]=00100000000000000000000000000000, sa_flags=SA_RESTART|SA_SIGINFO
SIGHUP: [libjvm.so+0xb2a180], sa_mask[0]=11111111011111111101111111111110, sa_flags=SA_RESTART|SA_SIGINFO
SIGINT: [libjvm.so+0xb2a180], sa_mask[0]=11111111011111111101111111111110, sa_flags=SA_RESTART|SA_SIGINFO
SIGTERM: [libjvm.so+0xb2a180], sa_mask[0]=11111111011111111101111111111110, sa_flags=SA_RESTART|SA_SIGINFO
SIGQUIT: [libjvm.so+0xb2a180], sa_mask[0]=11111111011111111101111111111110, sa_flags=SA_RESTART|SA_SIGINFO


---------------  S Y S T E M  ---------------

OS:DISTRIB_ID=Ubuntu
DISTRIB_RELEASE=18.04
DISTRIB_CODENAME=bionic
DISTRIB_DESCRIPTION="Ubuntu 18.04 LTS"
uname:Linux 4.15.0-36-generic #39-Ubuntu SMP Mon Sep 24 16:19:09 UTC 2018 x86_64
libc:glibc 2.27 NPTL 2.27 
rlimit: STACK 8192k, CORE 0k, NPROC 31167, NOFILE 4096, AS infinity, DATA infinity, FSIZE infinity
load average:26,51 9,82 5,01

/proc/meminfo:
MemTotal:        8039488 kB
MemFree:          258176 kB
MemAvailable:     161168 kB
Buffers:            1656 kB
Cached:           198216 kB
SwapCached:        48004 kB
Active:          6683808 kB
Inactive:         889072 kB
Active(anon):    6662684 kB
Inactive(anon):   867412 kB
Active(file):      21124 kB
Inactive(file):    21660 kB
Unevictable:          72 kB
Mlocked:              72 kB
SwapTotal:       2097148 kB
SwapFree:          31708 kB
Dirty:               264 kB
Writeback:          1132 kB
AnonPages:       7326224 kB
Mapped:           182080 kB
Shmem:            156632 kB
Slab:              83508 kB
SReclaimable:      35856 kB
SUnreclaim:        47652 kB
KernelStack:       15312 kB
PageTables:        63880 kB
NFS_Unstable:          0 kB
Bounce:                0 kB
WritebackTmp:          0 kB
CommitLimit:     6116892 kB
Committed_AS:   15083664 kB
VmallocTotal:   34359738367 kB
VmallocUsed:           0 kB
VmallocChunk:          0 kB
HardwareCorrupted:     0 kB
AnonHugePages:         0 kB
ShmemHugePages:        0 kB
ShmemPmdMapped:        0 kB
CmaTotal:              0 kB
CmaFree:               0 kB
HugePages_Total:       0
HugePages_Free:        0
HugePages_Rsvd:        0
HugePages_Surp:        0
Hugepagesize:       2048 kB
DirectMap4k:      163832 kB
DirectMap2M:     5998592 kB
DirectMap1G:     2097152 kB

container (cgroup) information:
container_type: cgroupv1
cpu_cpuset_cpus: 0-3
cpu_memory_nodes: 0
active_processor_count: 4
cpu_quota: -1
cpu_period: 100000
cpu_shares: -1
memory_limit_in_bytes: -1
memory_and_swap_limit_in_bytes: -2
memory_soft_limit_in_bytes: -1
memory_usage_in_bytes: 7754747904
memory_max_usage_in_bytes: 0


CPU:total 4 (initial active 4) (2 cores per cpu, 2 threads per core) family 6 model 158 stepping 9, cmov, cx8, fxsr, mmx, sse, sse2, sse3, ssse3, sse4.1, sse4.2, popcnt, aes, clmul, erms, 3dnowpref, lzcnt, ht, tsc, tscinvbit
CPU Model and flags from /proc/cpuinfo:
model name	: Intel(R) Pentium(R) CPU G4560 @ 3.50GHz
flags		: fpu vme de pse tsc msr pae mce cx8 apic sep mtrr pge mca cmov pat pse36 clflush dts acpi mmx fxsr sse sse2 ss ht tm pbe syscall nx pdpe1gb rdtscp lm constant_tsc art arch_perfmon pebs bts rep_good nopl xtopology nonstop_tsc cpuid aperfmperf tsc_known_freq pni pclmulqdq dtes64 monitor ds_cpl vmx est tm2 ssse3 sdbg cx16 xtpr pdcm pcid sse4_1 sse4_2 x2apic movbe popcnt tsc_deadline_timer aes xsave rdrand lahf_lm abm 3dnowprefetch cpuid_fault invpcid_single pti ssbd ibrs ibpb stibp tpr_shadow vnmi flexpriority ept vpid fsgsbase tsc_adjust smep erms invpcid mpx rdseed smap clflushopt intel_pt xsaveopt xsavec xgetbv1 xsaves dtherm arat pln pts hwp hwp_notify hwp_act_window hwp_epp flush_l1d

Memory: 4k page, physical 8039488k(333552k free), swap 2097148k(31708k free)

vm_info: OpenJDK 64-Bit Server VM (10.0.2+13-Ubuntu-1ubuntu0.18.04.3) for linux-amd64 JRE (10.0.2+13-Ubuntu-1ubuntu0.18.04.3), built on Oct  7 2018 15:06:09 by "buildd" with gcc 7.3.0

END.
